<?xml version="1.0" encoding="UTF-8"?>
<robot generator="Robot 5.0.1 (Python 3.10.5 on win32)" generated="20220719 08:56:48.812" rpa="true" schemaversion="3">
<suite id="s1" name="Delorean" source="C:\Users\User\Documents\dev\GravidadeZERO\getgeeks\project\tasks\Delorean.robot">
<test id="s1-t1" name="Back To The Past" line="7">
<kw name="Connect To Postgres" library="Database">
<kw name="Connect To Database" library="DatabaseLibrary">
<arg>psycopg2</arg>
<arg>wwfsnskq</arg>
<arg>wwfsnskq</arg>
<arg>80Ji6hybbwH6wgwG4AZwt_49bexrfaMv</arg>
<arg>jelani.db.elephantsql.com</arg>
<arg>5432</arg>
<doc>Loads the DB API 2.0 module given `dbapiModuleName` then uses it to
connect to the database using `dbName`, `dbUsername`, and `dbPassword`.</doc>
<msg timestamp="20220719 08:56:48.890" level="INFO">Connecting using : psycopg2.connect(database=wwfsnskq, user=wwfsnskq, password=80Ji6hybbwH6wgwG4AZwt_49bexrfaMv, host=jelani.db.elephantsql.com, port=5432) </msg>
<status status="PASS" starttime="20220719 08:56:48.842" endtime="20220719 08:56:50.046"/>
</kw>
<status status="PASS" starttime="20220719 08:56:48.841" endtime="20220719 08:56:50.047"/>
</kw>
<kw name="Reset Env" library="Database">
<kw name="Execute Sql String" library="DatabaseLibrary">
<arg>DELETE from public.geeks;</arg>
<doc>Executes the sqlString as SQL commands. Useful to pass arguments to your sql. Set optional input `sansTran` to
True to run command without an explicit transaction commit or rollback.</doc>
<msg timestamp="20220719 08:56:50.047" level="INFO">Executing : Execute SQL String  |  DELETE from public.geeks; </msg>
<status status="PASS" starttime="20220719 08:56:50.047" endtime="20220719 08:56:50.499"/>
</kw>
<kw name="Execute Sql String" library="DatabaseLibrary">
<arg>DELETE from public.users;</arg>
<doc>Executes the sqlString as SQL commands. Useful to pass arguments to your sql. Set optional input `sansTran` to
True to run command without an explicit transaction commit or rollback.</doc>
<msg timestamp="20220719 08:56:50.499" level="INFO">Executing : Execute SQL String  |  DELETE from public.users; </msg>
<status status="PASS" starttime="20220719 08:56:50.499" endtime="20220719 08:56:50.939"/>
</kw>
<status status="PASS" starttime="20220719 08:56:50.047" endtime="20220719 08:56:50.939"/>
</kw>
<kw name="Disconnect From Database" library="DatabaseLibrary">
<doc>Disconnects from the database.</doc>
<msg timestamp="20220719 08:56:50.940" level="INFO">Executing : Disconnect From Database</msg>
<status status="PASS" starttime="20220719 08:56:50.939" endtime="20220719 08:56:50.940"/>
</kw>
<status status="PASS" starttime="20220719 08:56:48.841" endtime="20220719 08:56:50.940"/>
</test>
<doc>Delorean</doc>
<status status="PASS" starttime="20220719 08:56:48.813" endtime="20220719 08:56:50.941"/>
</suite>
<statistics>
<total>
<stat pass="1" fail="0" skip="0">All Tasks</stat>
</total>
<tag>
</tag>
<suite>
<stat pass="1" fail="0" skip="0" id="s1" name="Delorean">Delorean</stat>
</suite>
</statistics>
<errors>
</errors>
</robot>
