<?xml version="1.0" encoding="UTF-8"?>
<robot generator="Robot 5.0.1 (Python 3.10.5 on win32)" generated="20220722 08:10:33.160" rpa="false" schemaversion="3">
<suite id="s1" name="Signup" source="C:\Users\User\Documents\dev\GravidadeZERO\getgeeks\project\tests\Signup.robot">
<test id="s1-t1" name="Register a new user" line="10">
<kw name="Start Session" library="Base" type="SETUP">
<kw name="New Browser" library="Browser">
<arg>chromium</arg>
<arg>headless=false</arg>
<arg>slowMo=00:00:00</arg>
<tag>BrowserControl</tag>
<tag>Setter</tag>
<doc>Create a new playwright Browser with specified options.</doc>
<msg timestamp="20220722 08:10:34.124" level="INFO">{"browser": "chromium", "headless": false, "handleSIGINT": true, "handleSIGTERM": true, "handleSIGHUP": true, "timeout": 30000.0, "devtools": false, "slowMo": 0.0, "tracesDir": "C:\\Users\\User\\Documents\\dev\\GravidadeZERO\\getgeeks\\project\\logs\\browser\\traces\\e8960b97-7514-496a-abcc-b482c33a6072"}</msg>
<msg timestamp="20220722 08:10:34.683" level="INFO">Successfully created browser with options: {"browser":"chromium","headless":false,"handleSIGINT":true,"handleSIGTERM":true,"handleSIGHUP":true,"timeout":30000,"devtools":false,"slowMo":0,"tracesDir":"C:\\Users\\User\\Documents\\dev\\GravidadeZERO\\getgeeks\\project\\logs\\browser\\traces\\e8960b97-7514-496a-abcc-b482c33a6072"}</msg>
<status status="PASS" starttime="20220722 08:10:34.124" endtime="20220722 08:10:34.683"/>
</kw>
<kw name="New Page" library="Browser">
<arg>${BASE_URL}</arg>
<tag>BrowserControl</tag>
<tag>Setter</tag>
<doc>Open a new Page.</doc>
<msg timestamp="20220722 08:10:36.668" level="INFO">Successfully initialized new page object and opened url: https://getgeeks-matheus.herokuapp.com</msg>
<msg timestamp="20220722 08:10:36.668" level="INFO">No context was open. New context was automatically opened when this page is created.</msg>
<status status="PASS" starttime="20220722 08:10:34.683" endtime="20220722 08:10:36.668"/>
</kw>
<status status="PASS" starttime="20220722 08:10:34.124" endtime="20220722 08:10:36.668"/>
</kw>
<kw name="Factory User" library="Users">
<var>${user}</var>
<msg timestamp="20220722 08:10:36.669" level="INFO">${user} = {'name': 'Jose', 'lastname': 'Mckee', 'email': 'catherine23@yahoo.com', 'password': 'ogelogel1'}</msg>
<status status="PASS" starttime="20220722 08:10:36.669" endtime="20220722 08:10:36.669"/>
</kw>
<kw name="Go To Signup Form" library="Actions">
<kw name="Go To" library="Browser">
<arg>${BASE_URL}/signup</arg>
<tag>BrowserControl</tag>
<tag>Setter</tag>
<doc>Navigates to the given ``url``.</doc>
<msg timestamp="20220722 08:10:37.448" level="INFO">Successfully opened URL https://getgeeks-matheus.herokuapp.com/signup</msg>
<status status="PASS" starttime="20220722 08:10:36.670" endtime="20220722 08:10:37.449"/>
</kw>
<kw name="Wait For Elements State" library="Browser">
<arg>css=.signup-form</arg>
<arg>visible</arg>
<arg>5</arg>
<tag>PageContent</tag>
<tag>Wait</tag>
<doc>Waits for the element found by ``selector`` to satisfy state option.</doc>
<msg timestamp="20220722 08:10:37.471" level="INFO">Waited for Element with selector css=.signup-form at state visible</msg>
<status status="PASS" starttime="20220722 08:10:37.449" endtime="20220722 08:10:37.471"/>
</kw>
<status status="PASS" starttime="20220722 08:10:36.670" endtime="20220722 08:10:37.471"/>
</kw>
<kw name="Fill Signup Form" library="Actions">
<arg>${user}</arg>
<kw name="Fill Text" library="Browser">
<arg>id=name</arg>
<arg>${user}[name]</arg>
<tag>PageContent</tag>
<tag>Setter</tag>
<doc>Clears and fills the given ``txt`` into the text field found by ``selector``.</doc>
<msg timestamp="20220722 08:10:37.472" level="INFO">Fills the text 'Jose' in the given field.</msg>
<status status="PASS" starttime="20220722 08:10:37.472" endtime="20220722 08:10:37.492"/>
</kw>
<kw name="Fill Text" library="Browser">
<arg>id=lastname</arg>
<arg>${user}[lastname]</arg>
<tag>PageContent</tag>
<tag>Setter</tag>
<doc>Clears and fills the given ``txt`` into the text field found by ``selector``.</doc>
<msg timestamp="20220722 08:10:37.492" level="INFO">Fills the text 'Mckee' in the given field.</msg>
<status status="PASS" starttime="20220722 08:10:37.492" endtime="20220722 08:10:37.509"/>
</kw>
<kw name="Fill Text" library="Browser">
<arg>id=email</arg>
<arg>${user}[email]</arg>
<tag>PageContent</tag>
<tag>Setter</tag>
<doc>Clears and fills the given ``txt`` into the text field found by ``selector``.</doc>
<msg timestamp="20220722 08:10:37.510" level="INFO">Fills the text 'catherine23@yahoo.com' in the given field.</msg>
<status status="PASS" starttime="20220722 08:10:37.509" endtime="20220722 08:10:37.522"/>
</kw>
<kw name="Fill Text" library="Browser">
<arg>id=password</arg>
<arg>${user}[password]</arg>
<tag>PageContent</tag>
<tag>Setter</tag>
<doc>Clears and fills the given ``txt`` into the text field found by ``selector``.</doc>
<msg timestamp="20220722 08:10:37.523" level="INFO">Fills the text 'ogelogel1' in the given field.</msg>
<status status="PASS" starttime="20220722 08:10:37.522" endtime="20220722 08:10:37.535"/>
</kw>
<status status="PASS" starttime="20220722 08:10:37.472" endtime="20220722 08:10:37.536"/>
</kw>
<kw name="Submit Signup Form" library="Actions">
<kw name="Click" library="Browser">
<arg>css=.submit-button &gt;&gt; text=Cadastrar</arg>
<tag>PageContent</tag>
<tag>Setter</tag>
<doc>Simulates mouse click on the element found by ``selector``.</doc>
<status status="PASS" starttime="20220722 08:10:37.536" endtime="20220722 08:10:37.593"/>
</kw>
<status status="PASS" starttime="20220722 08:10:37.536" endtime="20220722 08:10:37.593"/>
</kw>
<kw name="User Should Be Registered" library="Actions">
<kw name="Set Variable" library="BuiltIn">
<var>${expected_message}</var>
<arg>css=p &gt;&gt; text=Agora você faz parte da Getgeeks. Tenha uma ótima experiência.</arg>
<doc>Returns the given values which can then be assigned to a variables.</doc>
<msg timestamp="20220722 08:10:37.594" level="INFO">${expected_message} = css=p &gt;&gt; text=Agora você faz parte da Getgeeks. Tenha uma ótima experiência.</msg>
<status status="PASS" starttime="20220722 08:10:37.594" endtime="20220722 08:10:37.594"/>
</kw>
<kw name="Wait For Elements State" library="Browser">
<arg>${expected_message}</arg>
<arg>visible</arg>
<arg>5</arg>
<tag>PageContent</tag>
<tag>Wait</tag>
<doc>Waits for the element found by ``selector`` to satisfy state option.</doc>
<msg timestamp="20220722 08:10:38.430" level="INFO">Waited for Element with selector css=p &gt;&gt; text=Agora você faz parte da Getgeeks. Tenha uma ótima experiência. at state visible</msg>
<status status="PASS" starttime="20220722 08:10:37.595" endtime="20220722 08:10:38.430"/>
</kw>
<status status="PASS" starttime="20220722 08:10:37.594" endtime="20220722 08:10:38.431"/>
</kw>
<kw name="Finish Session" library="Base" type="TEARDOWN">
<kw name="Take Screenshot" library="Browser">
<tag>PageContent</tag>
<doc>Takes a screenshot of the current window or element and saves it to disk.</doc>
<msg timestamp="20220722 08:10:38.519" level="INFO" html="true">&lt;/td&gt;&lt;/tr&gt;&lt;tr&gt;&lt;td colspan="3"&gt;&lt;a href="browser/screenshot/robotframework-browser-screenshot-1.png"&gt;&lt;img src="browser/screenshot/robotframework-browser-screenshot-1.png" width="800px"&gt;&lt;/a&gt;</msg>
<status status="PASS" starttime="20220722 08:10:38.431" endtime="20220722 08:10:38.520"/>
</kw>
<status status="PASS" starttime="20220722 08:10:38.431" endtime="20220722 08:10:38.520"/>
</kw>
<status status="PASS" starttime="20220722 08:10:34.121" endtime="20220722 08:10:38.520"/>
</test>
<test id="s1-t2" name="Duplicate User" line="19">
<kw name="Start Session" library="Base" type="SETUP">
<kw name="New Browser" library="Browser">
<arg>chromium</arg>
<arg>headless=false</arg>
<arg>slowMo=00:00:00</arg>
<tag>BrowserControl</tag>
<tag>Setter</tag>
<doc>Create a new playwright Browser with specified options.</doc>
<msg timestamp="20220722 08:10:38.569" level="INFO">{"browser": "chromium", "headless": false, "handleSIGINT": true, "handleSIGTERM": true, "handleSIGHUP": true, "timeout": 30000.0, "devtools": false, "slowMo": 0.0, "tracesDir": "C:\\Users\\User\\Documents\\dev\\GravidadeZERO\\getgeeks\\project\\logs\\browser\\traces\\73229049-e564-4eaf-a5a8-96296e412ff2"}</msg>
<msg timestamp="20220722 08:10:38.926" level="INFO">Successfully created browser with options: {"browser":"chromium","headless":false,"handleSIGINT":true,"handleSIGTERM":true,"handleSIGHUP":true,"timeout":30000,"devtools":false,"slowMo":0,"tracesDir":"C:\\Users\\User\\Documents\\dev\\GravidadeZERO\\getgeeks\\project\\logs\\browser\\traces\\73229049-e564-4eaf-a5a8-96296e412ff2"}</msg>
<status status="PASS" starttime="20220722 08:10:38.568" endtime="20220722 08:10:38.926"/>
</kw>
<kw name="New Page" library="Browser">
<arg>${BASE_URL}</arg>
<tag>BrowserControl</tag>
<tag>Setter</tag>
<doc>Open a new Page.</doc>
<msg timestamp="20220722 08:10:40.817" level="INFO">Successfully initialized new page object and opened url: https://getgeeks-matheus.herokuapp.com</msg>
<msg timestamp="20220722 08:10:40.817" level="INFO">No context was open. New context was automatically opened when this page is created.</msg>
<status status="PASS" starttime="20220722 08:10:38.927" endtime="20220722 08:10:40.817"/>
</kw>
<status status="PASS" starttime="20220722 08:10:38.568" endtime="20220722 08:10:40.817"/>
</kw>
<kw name="Factory User" library="Users">
<var>${user}</var>
<msg timestamp="20220722 08:10:40.818" level="INFO">${user} = {'name': 'Samuel', 'lastname': 'Walker', 'email': 'justin17@gmail.com', 'password': 'ogelogel1'}</msg>
<status status="PASS" starttime="20220722 08:10:40.818" endtime="20220722 08:10:40.818"/>
</kw>
<kw name="Add User From Database" library="Helpers">
<arg>${user}</arg>
<kw name="Connect To Postgres" library="Database">
<kw name="Connect To Database" library="DatabaseLibrary">
<arg>psycopg2</arg>
<arg>wwfsnskq</arg>
<arg>wwfsnskq</arg>
<arg>80Ji6hybbwH6wgwG4AZwt_49bexrfaMv</arg>
<arg>jelani.db.elephantsql.com</arg>
<arg>5432</arg>
<doc>Loads the DB API 2.0 module given `dbapiModuleName` then uses it to
connect to the database using `dbName`, `dbUsername`, and `dbPassword`.</doc>
<msg timestamp="20220722 08:10:40.837" level="INFO">Connecting using : psycopg2.connect(database=wwfsnskq, user=wwfsnskq, password=80Ji6hybbwH6wgwG4AZwt_49bexrfaMv, host=jelani.db.elephantsql.com, port=5432) </msg>
<status status="PASS" starttime="20220722 08:10:40.819" endtime="20220722 08:10:41.752"/>
</kw>
<status status="PASS" starttime="20220722 08:10:40.819" endtime="20220722 08:10:41.752"/>
</kw>
<kw name="Insert User" library="Database">
<arg>${user}</arg>
<kw name="Set Variable" library="BuiltIn">
<var>${q}</var>
<arg>INSERT INTO public.users (name, email, password_hash, is_geek) values ('${u}[name] ${u}[lastname]', '${u}[email]', '${u}[password]', false)</arg>
<doc>Returns the given values which can then be assigned to a variables.</doc>
<msg timestamp="20220722 08:10:41.753" level="INFO">${q} = INSERT INTO public.users (name, email, password_hash, is_geek) values ('Samuel Walker', 'justin17@gmail.com', 'ogelogel1', false)</msg>
<status status="PASS" starttime="20220722 08:10:41.752" endtime="20220722 08:10:41.753"/>
</kw>
<kw name="Execute Sql String" library="DatabaseLibrary">
<arg>${q}</arg>
<doc>Executes the sqlString as SQL commands. Useful to pass arguments to your sql. Set optional input `sansTran` to
True to run command without an explicit transaction commit or rollback.</doc>
<msg timestamp="20220722 08:10:41.753" level="INFO">Executing : Execute SQL String  |  INSERT INTO public.users (name, email, password_hash, is_geek) values ('Samuel Walker', 'justin17@gmail.com', 'ogelogel1', false) </msg>
<status status="PASS" starttime="20220722 08:10:41.753" endtime="20220722 08:10:42.191"/>
</kw>
<status status="PASS" starttime="20220722 08:10:41.752" endtime="20220722 08:10:42.191"/>
</kw>
<kw name="Disconnect From Database" library="DatabaseLibrary">
<doc>Disconnects from the database.</doc>
<msg timestamp="20220722 08:10:42.191" level="INFO">Executing : Disconnect From Database</msg>
<status status="PASS" starttime="20220722 08:10:42.191" endtime="20220722 08:10:42.191"/>
</kw>
<status status="PASS" starttime="20220722 08:10:40.818" endtime="20220722 08:10:42.191"/>
</kw>
<kw name="Go To Signup Form" library="Actions">
<kw name="Go To" library="Browser">
<arg>${BASE_URL}/signup</arg>
<tag>BrowserControl</tag>
<tag>Setter</tag>
<doc>Navigates to the given ``url``.</doc>
<msg timestamp="20220722 08:10:42.981" level="INFO">Successfully opened URL https://getgeeks-matheus.herokuapp.com/signup</msg>
<status status="PASS" starttime="20220722 08:10:42.192" endtime="20220722 08:10:42.981"/>
</kw>
<kw name="Wait For Elements State" library="Browser">
<arg>css=.signup-form</arg>
<arg>visible</arg>
<arg>5</arg>
<tag>PageContent</tag>
<tag>Wait</tag>
<doc>Waits for the element found by ``selector`` to satisfy state option.</doc>
<msg timestamp="20220722 08:10:43.002" level="INFO">Waited for Element with selector css=.signup-form at state visible</msg>
<status status="PASS" starttime="20220722 08:10:42.982" endtime="20220722 08:10:43.002"/>
</kw>
<status status="PASS" starttime="20220722 08:10:42.192" endtime="20220722 08:10:43.002"/>
</kw>
<kw name="Fill Signup Form" library="Actions">
<arg>${user}</arg>
<kw name="Fill Text" library="Browser">
<arg>id=name</arg>
<arg>${user}[name]</arg>
<tag>PageContent</tag>
<tag>Setter</tag>
<doc>Clears and fills the given ``txt`` into the text field found by ``selector``.</doc>
<msg timestamp="20220722 08:10:43.003" level="INFO">Fills the text 'Samuel' in the given field.</msg>
<status status="PASS" starttime="20220722 08:10:43.003" endtime="20220722 08:10:43.022"/>
</kw>
<kw name="Fill Text" library="Browser">
<arg>id=lastname</arg>
<arg>${user}[lastname]</arg>
<tag>PageContent</tag>
<tag>Setter</tag>
<doc>Clears and fills the given ``txt`` into the text field found by ``selector``.</doc>
<msg timestamp="20220722 08:10:43.023" level="INFO">Fills the text 'Walker' in the given field.</msg>
<status status="PASS" starttime="20220722 08:10:43.022" endtime="20220722 08:10:43.037"/>
</kw>
<kw name="Fill Text" library="Browser">
<arg>id=email</arg>
<arg>${user}[email]</arg>
<tag>PageContent</tag>
<tag>Setter</tag>
<doc>Clears and fills the given ``txt`` into the text field found by ``selector``.</doc>
<msg timestamp="20220722 08:10:43.038" level="INFO">Fills the text 'justin17@gmail.com' in the given field.</msg>
<status status="PASS" starttime="20220722 08:10:43.037" endtime="20220722 08:10:43.050"/>
</kw>
<kw name="Fill Text" library="Browser">
<arg>id=password</arg>
<arg>${user}[password]</arg>
<tag>PageContent</tag>
<tag>Setter</tag>
<doc>Clears and fills the given ``txt`` into the text field found by ``selector``.</doc>
<msg timestamp="20220722 08:10:43.051" level="INFO">Fills the text 'ogelogel1' in the given field.</msg>
<status status="PASS" starttime="20220722 08:10:43.050" endtime="20220722 08:10:43.060"/>
</kw>
<status status="PASS" starttime="20220722 08:10:43.002" endtime="20220722 08:10:43.060"/>
</kw>
<kw name="Submit Signup Form" library="Actions">
<kw name="Click" library="Browser">
<arg>css=.submit-button &gt;&gt; text=Cadastrar</arg>
<tag>PageContent</tag>
<tag>Setter</tag>
<doc>Simulates mouse click on the element found by ``selector``.</doc>
<status status="PASS" starttime="20220722 08:10:43.062" endtime="20220722 08:10:43.112"/>
</kw>
<status status="PASS" starttime="20220722 08:10:43.061" endtime="20220722 08:10:43.112"/>
</kw>
<kw name="Modal Content Should Be" library="Actions">
<arg>Já temos um usuário com o e-mail informado.</arg>
<kw name="Set Variable" library="BuiltIn">
<var>${title}</var>
<arg>css=.swal2-title</arg>
<doc>Returns the given values which can then be assigned to a variables.</doc>
<msg timestamp="20220722 08:10:43.113" level="INFO">${title} = css=.swal2-title</msg>
<status status="PASS" starttime="20220722 08:10:43.113" endtime="20220722 08:10:43.113"/>
</kw>
<kw name="Set Variable" library="BuiltIn">
<var>${content}</var>
<arg>css=.swal2-html-container</arg>
<doc>Returns the given values which can then be assigned to a variables.</doc>
<msg timestamp="20220722 08:10:43.114" level="INFO">${content} = css=.swal2-html-container</msg>
<status status="PASS" starttime="20220722 08:10:43.113" endtime="20220722 08:10:43.114"/>
</kw>
<kw name="Wait For Elements State" library="Browser">
<arg>${title}</arg>
<arg>visible</arg>
<arg>5</arg>
<tag>PageContent</tag>
<tag>Wait</tag>
<doc>Waits for the element found by ``selector`` to satisfy state option.</doc>
<msg timestamp="20220722 08:10:43.906" level="INFO">Waited for Element with selector css=.swal2-title at state visible</msg>
<status status="PASS" starttime="20220722 08:10:43.114" endtime="20220722 08:10:43.907"/>
</kw>
<kw name="Get Text" library="Browser">
<arg>${title}</arg>
<arg>equal</arg>
<arg>Oops...</arg>
<tag>Assertion</tag>
<tag>Getter</tag>
<tag>PageContent</tag>
<doc>Returns text attribute of the element found by ``selector``.</doc>
<status status="PASS" starttime="20220722 08:10:43.907" endtime="20220722 08:10:43.925"/>
</kw>
<kw name="Wait For Elements State" library="Browser">
<arg>${content}</arg>
<arg>visible</arg>
<arg>5</arg>
<tag>PageContent</tag>
<tag>Wait</tag>
<doc>Waits for the element found by ``selector`` to satisfy state option.</doc>
<msg timestamp="20220722 08:10:43.932" level="INFO">Waited for Element with selector css=.swal2-html-container at state visible</msg>
<status status="PASS" starttime="20220722 08:10:43.926" endtime="20220722 08:10:43.932"/>
</kw>
<kw name="Get Text" library="Browser">
<arg>${content}</arg>
<arg>equal</arg>
<arg>${expected_text}</arg>
<tag>Assertion</tag>
<tag>Getter</tag>
<tag>PageContent</tag>
<doc>Returns text attribute of the element found by ``selector``.</doc>
<status status="PASS" starttime="20220722 08:10:43.933" endtime="20220722 08:10:43.946"/>
</kw>
<status status="PASS" starttime="20220722 08:10:43.113" endtime="20220722 08:10:43.946"/>
</kw>
<kw name="Finish Session" library="Base" type="TEARDOWN">
<kw name="Take Screenshot" library="Browser">
<tag>PageContent</tag>
<doc>Takes a screenshot of the current window or element and saves it to disk.</doc>
<msg timestamp="20220722 08:10:44.107" level="INFO" html="true">&lt;/td&gt;&lt;/tr&gt;&lt;tr&gt;&lt;td colspan="3"&gt;&lt;a href="browser/screenshot/robotframework-browser-screenshot-2.png"&gt;&lt;img src="browser/screenshot/robotframework-browser-screenshot-2.png" width="800px"&gt;&lt;/a&gt;</msg>
<status status="PASS" starttime="20220722 08:10:43.947" endtime="20220722 08:10:44.107"/>
</kw>
<status status="PASS" starttime="20220722 08:10:43.946" endtime="20220722 08:10:44.107"/>
</kw>
<tag>attempt_signup</tag>
<status status="PASS" starttime="20220722 08:10:38.563" endtime="20220722 08:10:44.107"/>
</test>
<test id="s1-t3" name="Wrong Email" line="32">
<kw name="Start Session" library="Base" type="SETUP">
<kw name="New Browser" library="Browser">
<arg>chromium</arg>
<arg>headless=false</arg>
<arg>slowMo=00:00:00</arg>
<tag>BrowserControl</tag>
<tag>Setter</tag>
<doc>Create a new playwright Browser with specified options.</doc>
<msg timestamp="20220722 08:10:44.154" level="INFO">{"browser": "chromium", "headless": false, "handleSIGINT": true, "handleSIGTERM": true, "handleSIGHUP": true, "timeout": 30000.0, "devtools": false, "slowMo": 0.0, "tracesDir": "C:\\Users\\User\\Documents\\dev\\GravidadeZERO\\getgeeks\\project\\logs\\browser\\traces\\de3a1288-413a-4412-a857-9aec813d7c0f"}</msg>
<msg timestamp="20220722 08:10:44.536" level="INFO">Successfully created browser with options: {"browser":"chromium","headless":false,"handleSIGINT":true,"handleSIGTERM":true,"handleSIGHUP":true,"timeout":30000,"devtools":false,"slowMo":0,"tracesDir":"C:\\Users\\User\\Documents\\dev\\GravidadeZERO\\getgeeks\\project\\logs\\browser\\traces\\de3a1288-413a-4412-a857-9aec813d7c0f"}</msg>
<status status="PASS" starttime="20220722 08:10:44.154" endtime="20220722 08:10:44.536"/>
</kw>
<kw name="New Page" library="Browser">
<arg>${BASE_URL}</arg>
<tag>BrowserControl</tag>
<tag>Setter</tag>
<doc>Open a new Page.</doc>
<msg timestamp="20220722 08:10:46.584" level="INFO">Successfully initialized new page object and opened url: https://getgeeks-matheus.herokuapp.com</msg>
<msg timestamp="20220722 08:10:46.585" level="INFO">No context was open. New context was automatically opened when this page is created.</msg>
<status status="PASS" starttime="20220722 08:10:44.536" endtime="20220722 08:10:46.585"/>
</kw>
<status status="PASS" starttime="20220722 08:10:44.153" endtime="20220722 08:10:46.585"/>
</kw>
<kw name="Factory Wrong Email" library="Users">
<var>${user}</var>
<msg timestamp="20220722 08:10:46.587" level="INFO">${user} = {'name': 'Scott', 'lastname': 'Nelson', 'email': 'donald&amp;gmail.com', 'password': 'ogelogel1'}</msg>
<status status="PASS" starttime="20220722 08:10:46.586" endtime="20220722 08:10:46.587"/>
</kw>
<kw name="Go To Signup Form" library="Actions">
<kw name="Go To" library="Browser">
<arg>${BASE_URL}/signup</arg>
<tag>BrowserControl</tag>
<tag>Setter</tag>
<doc>Navigates to the given ``url``.</doc>
<msg timestamp="20220722 08:10:47.361" level="INFO">Successfully opened URL https://getgeeks-matheus.herokuapp.com/signup</msg>
<status status="PASS" starttime="20220722 08:10:46.587" endtime="20220722 08:10:47.361"/>
</kw>
<kw name="Wait For Elements State" library="Browser">
<arg>css=.signup-form</arg>
<arg>visible</arg>
<arg>5</arg>
<tag>PageContent</tag>
<tag>Wait</tag>
<doc>Waits for the element found by ``selector`` to satisfy state option.</doc>
<msg timestamp="20220722 08:10:47.381" level="INFO">Waited for Element with selector css=.signup-form at state visible</msg>
<status status="PASS" starttime="20220722 08:10:47.361" endtime="20220722 08:10:47.381"/>
</kw>
<status status="PASS" starttime="20220722 08:10:46.587" endtime="20220722 08:10:47.381"/>
</kw>
<kw name="Fill Signup Form" library="Actions">
<arg>${user}</arg>
<kw name="Fill Text" library="Browser">
<arg>id=name</arg>
<arg>${user}[name]</arg>
<tag>PageContent</tag>
<tag>Setter</tag>
<doc>Clears and fills the given ``txt`` into the text field found by ``selector``.</doc>
<msg timestamp="20220722 08:10:47.382" level="INFO">Fills the text 'Scott' in the given field.</msg>
<status status="PASS" starttime="20220722 08:10:47.382" endtime="20220722 08:10:47.401"/>
</kw>
<kw name="Fill Text" library="Browser">
<arg>id=lastname</arg>
<arg>${user}[lastname]</arg>
<tag>PageContent</tag>
<tag>Setter</tag>
<doc>Clears and fills the given ``txt`` into the text field found by ``selector``.</doc>
<msg timestamp="20220722 08:10:47.401" level="INFO">Fills the text 'Nelson' in the given field.</msg>
<status status="PASS" starttime="20220722 08:10:47.401" endtime="20220722 08:10:47.415"/>
</kw>
<kw name="Fill Text" library="Browser">
<arg>id=email</arg>
<arg>${user}[email]</arg>
<tag>PageContent</tag>
<tag>Setter</tag>
<doc>Clears and fills the given ``txt`` into the text field found by ``selector``.</doc>
<msg timestamp="20220722 08:10:47.416" level="INFO">Fills the text 'donald&amp;gmail.com' in the given field.</msg>
<status status="PASS" starttime="20220722 08:10:47.415" endtime="20220722 08:10:47.427"/>
</kw>
<kw name="Fill Text" library="Browser">
<arg>id=password</arg>
<arg>${user}[password]</arg>
<tag>PageContent</tag>
<tag>Setter</tag>
<doc>Clears and fills the given ``txt`` into the text field found by ``selector``.</doc>
<msg timestamp="20220722 08:10:47.427" level="INFO">Fills the text 'ogelogel1' in the given field.</msg>
<status status="PASS" starttime="20220722 08:10:47.427" endtime="20220722 08:10:47.439"/>
</kw>
<status status="PASS" starttime="20220722 08:10:47.381" endtime="20220722 08:10:47.439"/>
</kw>
<kw name="Submit Signup Form" library="Actions">
<kw name="Click" library="Browser">
<arg>css=.submit-button &gt;&gt; text=Cadastrar</arg>
<tag>PageContent</tag>
<tag>Setter</tag>
<doc>Simulates mouse click on the element found by ``selector``.</doc>
<status status="PASS" starttime="20220722 08:10:47.440" endtime="20220722 08:10:47.488"/>
</kw>
<status status="PASS" starttime="20220722 08:10:47.439" endtime="20220722 08:10:47.488"/>
</kw>
<kw name="Alert Span Should Be" library="Actions">
<arg>O email está estranho</arg>
<kw name="Wait For Elements State" library="Browser">
<arg>css=span[class=error] &gt;&gt; text=${expected_alert}</arg>
<arg>visible</arg>
<arg>5</arg>
<tag>PageContent</tag>
<tag>Wait</tag>
<doc>Waits for the element found by ``selector`` to satisfy state option.</doc>
<msg timestamp="20220722 08:10:47.496" level="INFO">Waited for Element with selector css=span[class=error] &gt;&gt; text=O email está estranho at state visible</msg>
<status status="PASS" starttime="20220722 08:10:47.489" endtime="20220722 08:10:47.496"/>
</kw>
<status status="PASS" starttime="20220722 08:10:47.488" endtime="20220722 08:10:47.497"/>
</kw>
<kw name="Finish Session" library="Base" type="TEARDOWN">
<kw name="Take Screenshot" library="Browser">
<tag>PageContent</tag>
<doc>Takes a screenshot of the current window or element and saves it to disk.</doc>
<msg timestamp="20220722 08:10:47.758" level="INFO" html="true">&lt;/td&gt;&lt;/tr&gt;&lt;tr&gt;&lt;td colspan="3"&gt;&lt;a href="browser/screenshot/robotframework-browser-screenshot-3.png"&gt;&lt;img src="browser/screenshot/robotframework-browser-screenshot-3.png" width="800px"&gt;&lt;/a&gt;</msg>
<status status="PASS" starttime="20220722 08:10:47.497" endtime="20220722 08:10:47.759"/>
</kw>
<status status="PASS" starttime="20220722 08:10:47.497" endtime="20220722 08:10:47.759"/>
</kw>
<tag>attempt_signup</tag>
<status status="PASS" starttime="20220722 08:10:44.149" endtime="20220722 08:10:47.759"/>
</test>
<test id="s1-t4" name="Required Fields" line="43">
<kw name="Start Session" library="Base" type="SETUP">
<kw name="New Browser" library="Browser">
<arg>chromium</arg>
<arg>headless=false</arg>
<arg>slowMo=00:00:00</arg>
<tag>BrowserControl</tag>
<tag>Setter</tag>
<doc>Create a new playwright Browser with specified options.</doc>
<msg timestamp="20220722 08:10:47.808" level="INFO">{"browser": "chromium", "headless": false, "handleSIGINT": true, "handleSIGTERM": true, "handleSIGHUP": true, "timeout": 30000.0, "devtools": false, "slowMo": 0.0, "tracesDir": "C:\\Users\\User\\Documents\\dev\\GravidadeZERO\\getgeeks\\project\\logs\\browser\\traces\\9294de33-e02e-49a5-98f5-ab67b36e704b"}</msg>
<msg timestamp="20220722 08:10:48.237" level="INFO">Successfully created browser with options: {"browser":"chromium","headless":false,"handleSIGINT":true,"handleSIGTERM":true,"handleSIGHUP":true,"timeout":30000,"devtools":false,"slowMo":0,"tracesDir":"C:\\Users\\User\\Documents\\dev\\GravidadeZERO\\getgeeks\\project\\logs\\browser\\traces\\9294de33-e02e-49a5-98f5-ab67b36e704b"}</msg>
<status status="PASS" starttime="20220722 08:10:47.807" endtime="20220722 08:10:48.238"/>
</kw>
<kw name="New Page" library="Browser">
<arg>${BASE_URL}</arg>
<tag>BrowserControl</tag>
<tag>Setter</tag>
<doc>Open a new Page.</doc>
<msg timestamp="20220722 08:10:50.205" level="INFO">Successfully initialized new page object and opened url: https://getgeeks-matheus.herokuapp.com</msg>
<msg timestamp="20220722 08:10:50.206" level="INFO">No context was open. New context was automatically opened when this page is created.</msg>
<status status="PASS" starttime="20220722 08:10:48.238" endtime="20220722 08:10:50.206"/>
</kw>
<status status="PASS" starttime="20220722 08:10:47.807" endtime="20220722 08:10:50.206"/>
</kw>
<kw name="Go To Signup Form" library="Actions">
<kw name="Go To" library="Browser">
<arg>${BASE_URL}/signup</arg>
<tag>BrowserControl</tag>
<tag>Setter</tag>
<doc>Navigates to the given ``url``.</doc>
<msg timestamp="20220722 08:10:50.987" level="INFO">Successfully opened URL https://getgeeks-matheus.herokuapp.com/signup</msg>
<status status="PASS" starttime="20220722 08:10:50.207" endtime="20220722 08:10:50.987"/>
</kw>
<kw name="Wait For Elements State" library="Browser">
<arg>css=.signup-form</arg>
<arg>visible</arg>
<arg>5</arg>
<tag>PageContent</tag>
<tag>Wait</tag>
<doc>Waits for the element found by ``selector`` to satisfy state option.</doc>
<msg timestamp="20220722 08:10:51.008" level="INFO">Waited for Element with selector css=.signup-form at state visible</msg>
<status status="PASS" starttime="20220722 08:10:50.988" endtime="20220722 08:10:51.008"/>
</kw>
<status status="PASS" starttime="20220722 08:10:50.206" endtime="20220722 08:10:51.008"/>
</kw>
<kw name="Submit Signup Form" library="Actions">
<kw name="Click" library="Browser">
<arg>css=.submit-button &gt;&gt; text=Cadastrar</arg>
<tag>PageContent</tag>
<tag>Setter</tag>
<doc>Simulates mouse click on the element found by ``selector``.</doc>
<status status="PASS" starttime="20220722 08:10:51.009" endtime="20220722 08:10:51.048"/>
</kw>
<status status="PASS" starttime="20220722 08:10:51.009" endtime="20220722 08:10:51.048"/>
</kw>
<kw name="Alert Span Should Be" library="Actions">
<arg>Cadê o seu nome?</arg>
<kw name="Wait For Elements State" library="Browser">
<arg>css=span[class=error] &gt;&gt; text=${expected_alert}</arg>
<arg>visible</arg>
<arg>5</arg>
<tag>PageContent</tag>
<tag>Wait</tag>
<doc>Waits for the element found by ``selector`` to satisfy state option.</doc>
<msg timestamp="20220722 08:10:51.055" level="INFO">Waited for Element with selector css=span[class=error] &gt;&gt; text=Cadê o seu nome? at state visible</msg>
<status status="PASS" starttime="20220722 08:10:51.049" endtime="20220722 08:10:51.055"/>
</kw>
<status status="PASS" starttime="20220722 08:10:51.049" endtime="20220722 08:10:51.055"/>
</kw>
<kw name="Alert Span Should Be" library="Actions">
<arg>E o sobrenome?</arg>
<kw name="Wait For Elements State" library="Browser">
<arg>css=span[class=error] &gt;&gt; text=${expected_alert}</arg>
<arg>visible</arg>
<arg>5</arg>
<tag>PageContent</tag>
<tag>Wait</tag>
<doc>Waits for the element found by ``selector`` to satisfy state option.</doc>
<msg timestamp="20220722 08:10:51.061" level="INFO">Waited for Element with selector css=span[class=error] &gt;&gt; text=E o sobrenome? at state visible</msg>
<status status="PASS" starttime="20220722 08:10:51.056" endtime="20220722 08:10:51.061"/>
</kw>
<status status="PASS" starttime="20220722 08:10:51.056" endtime="20220722 08:10:51.061"/>
</kw>
<kw name="Alert Span Should Be" library="Actions">
<arg>O email é importante também!</arg>
<kw name="Wait For Elements State" library="Browser">
<arg>css=span[class=error] &gt;&gt; text=${expected_alert}</arg>
<arg>visible</arg>
<arg>5</arg>
<tag>PageContent</tag>
<tag>Wait</tag>
<doc>Waits for the element found by ``selector`` to satisfy state option.</doc>
<msg timestamp="20220722 08:10:51.067" level="INFO">Waited for Element with selector css=span[class=error] &gt;&gt; text=O email é importante também! at state visible</msg>
<status status="PASS" starttime="20220722 08:10:51.062" endtime="20220722 08:10:51.067"/>
</kw>
<status status="PASS" starttime="20220722 08:10:51.061" endtime="20220722 08:10:51.067"/>
</kw>
<kw name="Alert Span Should Be" library="Actions">
<arg>Agora só falta a senha!</arg>
<kw name="Wait For Elements State" library="Browser">
<arg>css=span[class=error] &gt;&gt; text=${expected_alert}</arg>
<arg>visible</arg>
<arg>5</arg>
<tag>PageContent</tag>
<tag>Wait</tag>
<doc>Waits for the element found by ``selector`` to satisfy state option.</doc>
<msg timestamp="20220722 08:10:51.073" level="INFO">Waited for Element with selector css=span[class=error] &gt;&gt; text=Agora só falta a senha! at state visible</msg>
<status status="PASS" starttime="20220722 08:10:51.068" endtime="20220722 08:10:51.073"/>
</kw>
<status status="PASS" starttime="20220722 08:10:51.068" endtime="20220722 08:10:51.073"/>
</kw>
<kw name="Finish Session" library="Base" type="TEARDOWN">
<kw name="Take Screenshot" library="Browser">
<tag>PageContent</tag>
<doc>Takes a screenshot of the current window or element and saves it to disk.</doc>
<msg timestamp="20220722 08:10:51.235" level="INFO" html="true">&lt;/td&gt;&lt;/tr&gt;&lt;tr&gt;&lt;td colspan="3"&gt;&lt;a href="browser/screenshot/robotframework-browser-screenshot-4.png"&gt;&lt;img src="browser/screenshot/robotframework-browser-screenshot-4.png" width="800px"&gt;&lt;/a&gt;</msg>
<status status="PASS" starttime="20220722 08:10:51.074" endtime="20220722 08:10:51.235"/>
</kw>
<status status="PASS" starttime="20220722 08:10:51.074" endtime="20220722 08:10:51.235"/>
</kw>
<tag>attempt_signup</tag>
<tag>reqf</tag>
<status status="PASS" starttime="20220722 08:10:47.803" endtime="20220722 08:10:51.235"/>
</test>
<test id="s1-t5" name="Short Password" line="54">
<kw name="Start Session" library="Base" type="SETUP">
<kw name="New Browser" library="Browser">
<arg>chromium</arg>
<arg>headless=false</arg>
<arg>slowMo=00:00:00</arg>
<tag>BrowserControl</tag>
<tag>Setter</tag>
<doc>Create a new playwright Browser with specified options.</doc>
<msg timestamp="20220722 08:10:51.279" level="INFO">{"browser": "chromium", "headless": false, "handleSIGINT": true, "handleSIGTERM": true, "handleSIGHUP": true, "timeout": 30000.0, "devtools": false, "slowMo": 0.0, "tracesDir": "C:\\Users\\User\\Documents\\dev\\GravidadeZERO\\getgeeks\\project\\logs\\browser\\traces\\40b9650e-7494-4639-bdb3-979768c09248"}</msg>
<msg timestamp="20220722 08:10:51.772" level="INFO">Successfully created browser with options: {"browser":"chromium","headless":false,"handleSIGINT":true,"handleSIGTERM":true,"handleSIGHUP":true,"timeout":30000,"devtools":false,"slowMo":0,"tracesDir":"C:\\Users\\User\\Documents\\dev\\GravidadeZERO\\getgeeks\\project\\logs\\browser\\traces\\40b9650e-7494-4639-bdb3-979768c09248"}</msg>
<status status="PASS" starttime="20220722 08:10:51.279" endtime="20220722 08:10:51.772"/>
</kw>
<kw name="New Page" library="Browser">
<arg>${BASE_URL}</arg>
<tag>BrowserControl</tag>
<tag>Setter</tag>
<doc>Open a new Page.</doc>
<msg timestamp="20220722 08:10:53.610" level="INFO">Successfully initialized new page object and opened url: https://getgeeks-matheus.herokuapp.com</msg>
<msg timestamp="20220722 08:10:53.610" level="INFO">No context was open. New context was automatically opened when this page is created.</msg>
<status status="PASS" starttime="20220722 08:10:51.773" endtime="20220722 08:10:53.610"/>
</kw>
<status status="PASS" starttime="20220722 08:10:51.278" endtime="20220722 08:10:53.610"/>
</kw>
<kw name="Signup With Short Pass">
<arg>1</arg>
<kw name="Create Dictionary" library="BuiltIn">
<var>${user}</var>
<arg>name=Matheus</arg>
<arg>lastname=Augusto</arg>
<arg>email=matheus@gmail.com</arg>
<arg>password=12345</arg>
<doc>Creates and returns a dictionary based on the given ``items``.</doc>
<msg timestamp="20220722 08:10:53.612" level="INFO">${user} = {'name': 'Matheus', 'lastname': 'Augusto', 'email': 'matheus@gmail.com', 'password': '12345'}</msg>
<status status="PASS" starttime="20220722 08:10:53.611" endtime="20220722 08:10:53.612"/>
</kw>
<kw name="Go To Signup Form" library="Actions">
<kw name="Go To" library="Browser">
<arg>${BASE_URL}/signup</arg>
<tag>BrowserControl</tag>
<tag>Setter</tag>
<doc>Navigates to the given ``url``.</doc>
<msg timestamp="20220722 08:10:54.397" level="INFO">Successfully opened URL https://getgeeks-matheus.herokuapp.com/signup</msg>
<status status="PASS" starttime="20220722 08:10:53.612" endtime="20220722 08:10:54.397"/>
</kw>
<kw name="Wait For Elements State" library="Browser">
<arg>css=.signup-form</arg>
<arg>visible</arg>
<arg>5</arg>
<tag>PageContent</tag>
<tag>Wait</tag>
<doc>Waits for the element found by ``selector`` to satisfy state option.</doc>
<msg timestamp="20220722 08:10:54.417" level="INFO">Waited for Element with selector css=.signup-form at state visible</msg>
<status status="PASS" starttime="20220722 08:10:54.398" endtime="20220722 08:10:54.417"/>
</kw>
<status status="PASS" starttime="20220722 08:10:53.612" endtime="20220722 08:10:54.417"/>
</kw>
<kw name="Fill Signup Form" library="Actions">
<arg>${user}</arg>
<kw name="Fill Text" library="Browser">
<arg>id=name</arg>
<arg>${user}[name]</arg>
<tag>PageContent</tag>
<tag>Setter</tag>
<doc>Clears and fills the given ``txt`` into the text field found by ``selector``.</doc>
<msg timestamp="20220722 08:10:54.418" level="INFO">Fills the text 'Matheus' in the given field.</msg>
<status status="PASS" starttime="20220722 08:10:54.418" endtime="20220722 08:10:54.435"/>
</kw>
<kw name="Fill Text" library="Browser">
<arg>id=lastname</arg>
<arg>${user}[lastname]</arg>
<tag>PageContent</tag>
<tag>Setter</tag>
<doc>Clears and fills the given ``txt`` into the text field found by ``selector``.</doc>
<msg timestamp="20220722 08:10:54.435" level="INFO">Fills the text 'Augusto' in the given field.</msg>
<status status="PASS" starttime="20220722 08:10:54.435" endtime="20220722 08:10:54.449"/>
</kw>
<kw name="Fill Text" library="Browser">
<arg>id=email</arg>
<arg>${user}[email]</arg>
<tag>PageContent</tag>
<tag>Setter</tag>
<doc>Clears and fills the given ``txt`` into the text field found by ``selector``.</doc>
<msg timestamp="20220722 08:10:54.450" level="INFO">Fills the text 'matheus@gmail.com' in the given field.</msg>
<status status="PASS" starttime="20220722 08:10:54.450" endtime="20220722 08:10:54.462"/>
</kw>
<kw name="Fill Text" library="Browser">
<arg>id=password</arg>
<arg>${user}[password]</arg>
<tag>PageContent</tag>
<tag>Setter</tag>
<doc>Clears and fills the given ``txt`` into the text field found by ``selector``.</doc>
<msg timestamp="20220722 08:10:54.462" level="INFO">Fills the text '12345' in the given field.</msg>
<status status="PASS" starttime="20220722 08:10:54.462" endtime="20220722 08:10:54.474"/>
</kw>
<status status="PASS" starttime="20220722 08:10:54.417" endtime="20220722 08:10:54.474"/>
</kw>
<kw name="Submit Signup Form" library="Actions">
<kw name="Click" library="Browser">
<arg>css=.submit-button &gt;&gt; text=Cadastrar</arg>
<tag>PageContent</tag>
<tag>Setter</tag>
<doc>Simulates mouse click on the element found by ``selector``.</doc>
<status status="PASS" starttime="20220722 08:10:54.475" endtime="20220722 08:10:54.530"/>
</kw>
<status status="PASS" starttime="20220722 08:10:54.474" endtime="20220722 08:10:54.531"/>
</kw>
<kw name="Alert Span Should Be" library="Actions">
<arg>Informe uma senha com pelo menos 6 caracteres</arg>
<kw name="Wait For Elements State" library="Browser">
<arg>css=span[class=error] &gt;&gt; text=${expected_alert}</arg>
<arg>visible</arg>
<arg>5</arg>
<tag>PageContent</tag>
<tag>Wait</tag>
<doc>Waits for the element found by ``selector`` to satisfy state option.</doc>
<msg timestamp="20220722 08:10:54.538" level="INFO">Waited for Element with selector css=span[class=error] &gt;&gt; text=Informe uma senha com pelo menos 6 caracteres at state visible</msg>
<status status="PASS" starttime="20220722 08:10:54.531" endtime="20220722 08:10:54.538"/>
</kw>
<status status="PASS" starttime="20220722 08:10:54.531" endtime="20220722 08:10:54.538"/>
</kw>
<status status="PASS" starttime="20220722 08:10:53.611" endtime="20220722 08:10:54.538"/>
</kw>
<kw name="Signup With Short Pass">
<arg>12</arg>
<kw name="Create Dictionary" library="BuiltIn">
<var>${user}</var>
<arg>name=Matheus</arg>
<arg>lastname=Augusto</arg>
<arg>email=matheus@gmail.com</arg>
<arg>password=12345</arg>
<doc>Creates and returns a dictionary based on the given ``items``.</doc>
<msg timestamp="20220722 08:10:54.539" level="INFO">${user} = {'name': 'Matheus', 'lastname': 'Augusto', 'email': 'matheus@gmail.com', 'password': '12345'}</msg>
<status status="PASS" starttime="20220722 08:10:54.539" endtime="20220722 08:10:54.539"/>
</kw>
<kw name="Go To Signup Form" library="Actions">
<kw name="Go To" library="Browser">
<arg>${BASE_URL}/signup</arg>
<tag>BrowserControl</tag>
<tag>Setter</tag>
<doc>Navigates to the given ``url``.</doc>
<msg timestamp="20220722 08:10:55.019" level="INFO">Successfully opened URL https://getgeeks-matheus.herokuapp.com/signup</msg>
<status status="PASS" starttime="20220722 08:10:54.539" endtime="20220722 08:10:55.019"/>
</kw>
<kw name="Wait For Elements State" library="Browser">
<arg>css=.signup-form</arg>
<arg>visible</arg>
<arg>5</arg>
<tag>PageContent</tag>
<tag>Wait</tag>
<doc>Waits for the element found by ``selector`` to satisfy state option.</doc>
<msg timestamp="20220722 08:10:55.031" level="INFO">Waited for Element with selector css=.signup-form at state visible</msg>
<status status="PASS" starttime="20220722 08:10:55.019" endtime="20220722 08:10:55.031"/>
</kw>
<status status="PASS" starttime="20220722 08:10:54.539" endtime="20220722 08:10:55.031"/>
</kw>
<kw name="Fill Signup Form" library="Actions">
<arg>${user}</arg>
<kw name="Fill Text" library="Browser">
<arg>id=name</arg>
<arg>${user}[name]</arg>
<tag>PageContent</tag>
<tag>Setter</tag>
<doc>Clears and fills the given ``txt`` into the text field found by ``selector``.</doc>
<msg timestamp="20220722 08:10:55.032" level="INFO">Fills the text 'Matheus' in the given field.</msg>
<status status="PASS" starttime="20220722 08:10:55.032" endtime="20220722 08:10:55.042"/>
</kw>
<kw name="Fill Text" library="Browser">
<arg>id=lastname</arg>
<arg>${user}[lastname]</arg>
<tag>PageContent</tag>
<tag>Setter</tag>
<doc>Clears and fills the given ``txt`` into the text field found by ``selector``.</doc>
<msg timestamp="20220722 08:10:55.043" level="INFO">Fills the text 'Augusto' in the given field.</msg>
<status status="PASS" starttime="20220722 08:10:55.042" endtime="20220722 08:10:55.051"/>
</kw>
<kw name="Fill Text" library="Browser">
<arg>id=email</arg>
<arg>${user}[email]</arg>
<tag>PageContent</tag>
<tag>Setter</tag>
<doc>Clears and fills the given ``txt`` into the text field found by ``selector``.</doc>
<msg timestamp="20220722 08:10:55.051" level="INFO">Fills the text 'matheus@gmail.com' in the given field.</msg>
<status status="PASS" starttime="20220722 08:10:55.051" endtime="20220722 08:10:55.063"/>
</kw>
<kw name="Fill Text" library="Browser">
<arg>id=password</arg>
<arg>${user}[password]</arg>
<tag>PageContent</tag>
<tag>Setter</tag>
<doc>Clears and fills the given ``txt`` into the text field found by ``selector``.</doc>
<msg timestamp="20220722 08:10:55.064" level="INFO">Fills the text '12345' in the given field.</msg>
<status status="PASS" starttime="20220722 08:10:55.063" endtime="20220722 08:10:55.074"/>
</kw>
<status status="PASS" starttime="20220722 08:10:55.031" endtime="20220722 08:10:55.074"/>
</kw>
<kw name="Submit Signup Form" library="Actions">
<kw name="Click" library="Browser">
<arg>css=.submit-button &gt;&gt; text=Cadastrar</arg>
<tag>PageContent</tag>
<tag>Setter</tag>
<doc>Simulates mouse click on the element found by ``selector``.</doc>
<status status="PASS" starttime="20220722 08:10:55.074" endtime="20220722 08:10:55.111"/>
</kw>
<status status="PASS" starttime="20220722 08:10:55.074" endtime="20220722 08:10:55.111"/>
</kw>
<kw name="Alert Span Should Be" library="Actions">
<arg>Informe uma senha com pelo menos 6 caracteres</arg>
<kw name="Wait For Elements State" library="Browser">
<arg>css=span[class=error] &gt;&gt; text=${expected_alert}</arg>
<arg>visible</arg>
<arg>5</arg>
<tag>PageContent</tag>
<tag>Wait</tag>
<doc>Waits for the element found by ``selector`` to satisfy state option.</doc>
<msg timestamp="20220722 08:10:55.117" level="INFO">Waited for Element with selector css=span[class=error] &gt;&gt; text=Informe uma senha com pelo menos 6 caracteres at state visible</msg>
<status status="PASS" starttime="20220722 08:10:55.112" endtime="20220722 08:10:55.117"/>
</kw>
<status status="PASS" starttime="20220722 08:10:55.112" endtime="20220722 08:10:55.117"/>
</kw>
<status status="PASS" starttime="20220722 08:10:54.538" endtime="20220722 08:10:55.117"/>
</kw>
<kw name="Signup With Short Pass">
<arg>123</arg>
<kw name="Create Dictionary" library="BuiltIn">
<var>${user}</var>
<arg>name=Matheus</arg>
<arg>lastname=Augusto</arg>
<arg>email=matheus@gmail.com</arg>
<arg>password=12345</arg>
<doc>Creates and returns a dictionary based on the given ``items``.</doc>
<msg timestamp="20220722 08:10:55.118" level="INFO">${user} = {'name': 'Matheus', 'lastname': 'Augusto', 'email': 'matheus@gmail.com', 'password': '12345'}</msg>
<status status="PASS" starttime="20220722 08:10:55.118" endtime="20220722 08:10:55.118"/>
</kw>
<kw name="Go To Signup Form" library="Actions">
<kw name="Go To" library="Browser">
<arg>${BASE_URL}/signup</arg>
<tag>BrowserControl</tag>
<tag>Setter</tag>
<doc>Navigates to the given ``url``.</doc>
<msg timestamp="20220722 08:10:55.589" level="INFO">Successfully opened URL https://getgeeks-matheus.herokuapp.com/signup</msg>
<status status="PASS" starttime="20220722 08:10:55.118" endtime="20220722 08:10:55.589"/>
</kw>
<kw name="Wait For Elements State" library="Browser">
<arg>css=.signup-form</arg>
<arg>visible</arg>
<arg>5</arg>
<tag>PageContent</tag>
<tag>Wait</tag>
<doc>Waits for the element found by ``selector`` to satisfy state option.</doc>
<msg timestamp="20220722 08:10:55.603" level="INFO">Waited for Element with selector css=.signup-form at state visible</msg>
<status status="PASS" starttime="20220722 08:10:55.589" endtime="20220722 08:10:55.603"/>
</kw>
<status status="PASS" starttime="20220722 08:10:55.118" endtime="20220722 08:10:55.603"/>
</kw>
<kw name="Fill Signup Form" library="Actions">
<arg>${user}</arg>
<kw name="Fill Text" library="Browser">
<arg>id=name</arg>
<arg>${user}[name]</arg>
<tag>PageContent</tag>
<tag>Setter</tag>
<doc>Clears and fills the given ``txt`` into the text field found by ``selector``.</doc>
<msg timestamp="20220722 08:10:55.604" level="INFO">Fills the text 'Matheus' in the given field.</msg>
<status status="PASS" starttime="20220722 08:10:55.603" endtime="20220722 08:10:55.613"/>
</kw>
<kw name="Fill Text" library="Browser">
<arg>id=lastname</arg>
<arg>${user}[lastname]</arg>
<tag>PageContent</tag>
<tag>Setter</tag>
<doc>Clears and fills the given ``txt`` into the text field found by ``selector``.</doc>
<msg timestamp="20220722 08:10:55.613" level="INFO">Fills the text 'Augusto' in the given field.</msg>
<status status="PASS" starttime="20220722 08:10:55.613" endtime="20220722 08:10:55.622"/>
</kw>
<kw name="Fill Text" library="Browser">
<arg>id=email</arg>
<arg>${user}[email]</arg>
<tag>PageContent</tag>
<tag>Setter</tag>
<doc>Clears and fills the given ``txt`` into the text field found by ``selector``.</doc>
<msg timestamp="20220722 08:10:55.623" level="INFO">Fills the text 'matheus@gmail.com' in the given field.</msg>
<status status="PASS" starttime="20220722 08:10:55.622" endtime="20220722 08:10:55.633"/>
</kw>
<kw name="Fill Text" library="Browser">
<arg>id=password</arg>
<arg>${user}[password]</arg>
<tag>PageContent</tag>
<tag>Setter</tag>
<doc>Clears and fills the given ``txt`` into the text field found by ``selector``.</doc>
<msg timestamp="20220722 08:10:55.633" level="INFO">Fills the text '12345' in the given field.</msg>
<status status="PASS" starttime="20220722 08:10:55.633" endtime="20220722 08:10:55.724"/>
</kw>
<status status="PASS" starttime="20220722 08:10:55.603" endtime="20220722 08:10:55.724"/>
</kw>
<kw name="Submit Signup Form" library="Actions">
<kw name="Click" library="Browser">
<arg>css=.submit-button &gt;&gt; text=Cadastrar</arg>
<tag>PageContent</tag>
<tag>Setter</tag>
<doc>Simulates mouse click on the element found by ``selector``.</doc>
<status status="PASS" starttime="20220722 08:10:55.724" endtime="20220722 08:10:55.762"/>
</kw>
<status status="PASS" starttime="20220722 08:10:55.724" endtime="20220722 08:10:55.762"/>
</kw>
<kw name="Alert Span Should Be" library="Actions">
<arg>Informe uma senha com pelo menos 6 caracteres</arg>
<kw name="Wait For Elements State" library="Browser">
<arg>css=span[class=error] &gt;&gt; text=${expected_alert}</arg>
<arg>visible</arg>
<arg>5</arg>
<tag>PageContent</tag>
<tag>Wait</tag>
<doc>Waits for the element found by ``selector`` to satisfy state option.</doc>
<msg timestamp="20220722 08:10:55.767" level="INFO">Waited for Element with selector css=span[class=error] &gt;&gt; text=Informe uma senha com pelo menos 6 caracteres at state visible</msg>
<status status="PASS" starttime="20220722 08:10:55.762" endtime="20220722 08:10:55.767"/>
</kw>
<status status="PASS" starttime="20220722 08:10:55.762" endtime="20220722 08:10:55.767"/>
</kw>
<status status="PASS" starttime="20220722 08:10:55.117" endtime="20220722 08:10:55.767"/>
</kw>
<kw name="Signup With Short Pass">
<arg>1234</arg>
<kw name="Create Dictionary" library="BuiltIn">
<var>${user}</var>
<arg>name=Matheus</arg>
<arg>lastname=Augusto</arg>
<arg>email=matheus@gmail.com</arg>
<arg>password=12345</arg>
<doc>Creates and returns a dictionary based on the given ``items``.</doc>
<msg timestamp="20220722 08:10:55.768" level="INFO">${user} = {'name': 'Matheus', 'lastname': 'Augusto', 'email': 'matheus@gmail.com', 'password': '12345'}</msg>
<status status="PASS" starttime="20220722 08:10:55.768" endtime="20220722 08:10:55.768"/>
</kw>
<kw name="Go To Signup Form" library="Actions">
<kw name="Go To" library="Browser">
<arg>${BASE_URL}/signup</arg>
<tag>BrowserControl</tag>
<tag>Setter</tag>
<doc>Navigates to the given ``url``.</doc>
<msg timestamp="20220722 08:10:56.250" level="INFO">Successfully opened URL https://getgeeks-matheus.herokuapp.com/signup</msg>
<status status="PASS" starttime="20220722 08:10:55.769" endtime="20220722 08:10:56.250"/>
</kw>
<kw name="Wait For Elements State" library="Browser">
<arg>css=.signup-form</arg>
<arg>visible</arg>
<arg>5</arg>
<tag>PageContent</tag>
<tag>Wait</tag>
<doc>Waits for the element found by ``selector`` to satisfy state option.</doc>
<msg timestamp="20220722 08:10:56.262" level="INFO">Waited for Element with selector css=.signup-form at state visible</msg>
<status status="PASS" starttime="20220722 08:10:56.250" endtime="20220722 08:10:56.262"/>
</kw>
<status status="PASS" starttime="20220722 08:10:55.768" endtime="20220722 08:10:56.262"/>
</kw>
<kw name="Fill Signup Form" library="Actions">
<arg>${user}</arg>
<kw name="Fill Text" library="Browser">
<arg>id=name</arg>
<arg>${user}[name]</arg>
<tag>PageContent</tag>
<tag>Setter</tag>
<doc>Clears and fills the given ``txt`` into the text field found by ``selector``.</doc>
<msg timestamp="20220722 08:10:56.263" level="INFO">Fills the text 'Matheus' in the given field.</msg>
<status status="PASS" starttime="20220722 08:10:56.262" endtime="20220722 08:10:56.273"/>
</kw>
<kw name="Fill Text" library="Browser">
<arg>id=lastname</arg>
<arg>${user}[lastname]</arg>
<tag>PageContent</tag>
<tag>Setter</tag>
<doc>Clears and fills the given ``txt`` into the text field found by ``selector``.</doc>
<msg timestamp="20220722 08:10:56.273" level="INFO">Fills the text 'Augusto' in the given field.</msg>
<status status="PASS" starttime="20220722 08:10:56.273" endtime="20220722 08:10:56.284"/>
</kw>
<kw name="Fill Text" library="Browser">
<arg>id=email</arg>
<arg>${user}[email]</arg>
<tag>PageContent</tag>
<tag>Setter</tag>
<doc>Clears and fills the given ``txt`` into the text field found by ``selector``.</doc>
<msg timestamp="20220722 08:10:56.284" level="INFO">Fills the text 'matheus@gmail.com' in the given field.</msg>
<status status="PASS" starttime="20220722 08:10:56.284" endtime="20220722 08:10:56.298"/>
</kw>
<kw name="Fill Text" library="Browser">
<arg>id=password</arg>
<arg>${user}[password]</arg>
<tag>PageContent</tag>
<tag>Setter</tag>
<doc>Clears and fills the given ``txt`` into the text field found by ``selector``.</doc>
<msg timestamp="20220722 08:10:56.299" level="INFO">Fills the text '12345' in the given field.</msg>
<status status="PASS" starttime="20220722 08:10:56.298" endtime="20220722 08:10:56.309"/>
</kw>
<status status="PASS" starttime="20220722 08:10:56.262" endtime="20220722 08:10:56.309"/>
</kw>
<kw name="Submit Signup Form" library="Actions">
<kw name="Click" library="Browser">
<arg>css=.submit-button &gt;&gt; text=Cadastrar</arg>
<tag>PageContent</tag>
<tag>Setter</tag>
<doc>Simulates mouse click on the element found by ``selector``.</doc>
<status status="PASS" starttime="20220722 08:10:56.310" endtime="20220722 08:10:56.348"/>
</kw>
<status status="PASS" starttime="20220722 08:10:56.309" endtime="20220722 08:10:56.349"/>
</kw>
<kw name="Alert Span Should Be" library="Actions">
<arg>Informe uma senha com pelo menos 6 caracteres</arg>
<kw name="Wait For Elements State" library="Browser">
<arg>css=span[class=error] &gt;&gt; text=${expected_alert}</arg>
<arg>visible</arg>
<arg>5</arg>
<tag>PageContent</tag>
<tag>Wait</tag>
<doc>Waits for the element found by ``selector`` to satisfy state option.</doc>
<msg timestamp="20220722 08:10:56.353" level="INFO">Waited for Element with selector css=span[class=error] &gt;&gt; text=Informe uma senha com pelo menos 6 caracteres at state visible</msg>
<status status="PASS" starttime="20220722 08:10:56.349" endtime="20220722 08:10:56.353"/>
</kw>
<status status="PASS" starttime="20220722 08:10:56.349" endtime="20220722 08:10:56.353"/>
</kw>
<status status="PASS" starttime="20220722 08:10:55.768" endtime="20220722 08:10:56.353"/>
</kw>
<kw name="Signup With Short Pass">
<arg>12345</arg>
<kw name="Create Dictionary" library="BuiltIn">
<var>${user}</var>
<arg>name=Matheus</arg>
<arg>lastname=Augusto</arg>
<arg>email=matheus@gmail.com</arg>
<arg>password=12345</arg>
<doc>Creates and returns a dictionary based on the given ``items``.</doc>
<msg timestamp="20220722 08:10:56.354" level="INFO">${user} = {'name': 'Matheus', 'lastname': 'Augusto', 'email': 'matheus@gmail.com', 'password': '12345'}</msg>
<status status="PASS" starttime="20220722 08:10:56.354" endtime="20220722 08:10:56.354"/>
</kw>
<kw name="Go To Signup Form" library="Actions">
<kw name="Go To" library="Browser">
<arg>${BASE_URL}/signup</arg>
<tag>BrowserControl</tag>
<tag>Setter</tag>
<doc>Navigates to the given ``url``.</doc>
<msg timestamp="20220722 08:10:56.983" level="INFO">Successfully opened URL https://getgeeks-matheus.herokuapp.com/signup</msg>
<status status="PASS" starttime="20220722 08:10:56.355" endtime="20220722 08:10:56.983"/>
</kw>
<kw name="Wait For Elements State" library="Browser">
<arg>css=.signup-form</arg>
<arg>visible</arg>
<arg>5</arg>
<tag>PageContent</tag>
<tag>Wait</tag>
<doc>Waits for the element found by ``selector`` to satisfy state option.</doc>
<msg timestamp="20220722 08:10:56.996" level="INFO">Waited for Element with selector css=.signup-form at state visible</msg>
<status status="PASS" starttime="20220722 08:10:56.983" endtime="20220722 08:10:56.996"/>
</kw>
<status status="PASS" starttime="20220722 08:10:56.354" endtime="20220722 08:10:56.996"/>
</kw>
<kw name="Fill Signup Form" library="Actions">
<arg>${user}</arg>
<kw name="Fill Text" library="Browser">
<arg>id=name</arg>
<arg>${user}[name]</arg>
<tag>PageContent</tag>
<tag>Setter</tag>
<doc>Clears and fills the given ``txt`` into the text field found by ``selector``.</doc>
<msg timestamp="20220722 08:10:56.997" level="INFO">Fills the text 'Matheus' in the given field.</msg>
<status status="PASS" starttime="20220722 08:10:56.997" endtime="20220722 08:10:57.010"/>
</kw>
<kw name="Fill Text" library="Browser">
<arg>id=lastname</arg>
<arg>${user}[lastname]</arg>
<tag>PageContent</tag>
<tag>Setter</tag>
<doc>Clears and fills the given ``txt`` into the text field found by ``selector``.</doc>
<msg timestamp="20220722 08:10:57.010" level="INFO">Fills the text 'Augusto' in the given field.</msg>
<status status="PASS" starttime="20220722 08:10:57.010" endtime="20220722 08:10:57.022"/>
</kw>
<kw name="Fill Text" library="Browser">
<arg>id=email</arg>
<arg>${user}[email]</arg>
<tag>PageContent</tag>
<tag>Setter</tag>
<doc>Clears and fills the given ``txt`` into the text field found by ``selector``.</doc>
<msg timestamp="20220722 08:10:57.022" level="INFO">Fills the text 'matheus@gmail.com' in the given field.</msg>
<status status="PASS" starttime="20220722 08:10:57.022" endtime="20220722 08:10:57.033"/>
</kw>
<kw name="Fill Text" library="Browser">
<arg>id=password</arg>
<arg>${user}[password]</arg>
<tag>PageContent</tag>
<tag>Setter</tag>
<doc>Clears and fills the given ``txt`` into the text field found by ``selector``.</doc>
<msg timestamp="20220722 08:10:57.034" level="INFO">Fills the text '12345' in the given field.</msg>
<status status="PASS" starttime="20220722 08:10:57.034" endtime="20220722 08:10:57.045"/>
</kw>
<status status="PASS" starttime="20220722 08:10:56.997" endtime="20220722 08:10:57.045"/>
</kw>
<kw name="Submit Signup Form" library="Actions">
<kw name="Click" library="Browser">
<arg>css=.submit-button &gt;&gt; text=Cadastrar</arg>
<tag>PageContent</tag>
<tag>Setter</tag>
<doc>Simulates mouse click on the element found by ``selector``.</doc>
<status status="PASS" starttime="20220722 08:10:57.045" endtime="20220722 08:10:57.081"/>
</kw>
<status status="PASS" starttime="20220722 08:10:57.045" endtime="20220722 08:10:57.081"/>
</kw>
<kw name="Alert Span Should Be" library="Actions">
<arg>Informe uma senha com pelo menos 6 caracteres</arg>
<kw name="Wait For Elements State" library="Browser">
<arg>css=span[class=error] &gt;&gt; text=${expected_alert}</arg>
<arg>visible</arg>
<arg>5</arg>
<tag>PageContent</tag>
<tag>Wait</tag>
<doc>Waits for the element found by ``selector`` to satisfy state option.</doc>
<msg timestamp="20220722 08:10:57.088" level="INFO">Waited for Element with selector css=span[class=error] &gt;&gt; text=Informe uma senha com pelo menos 6 caracteres at state visible</msg>
<status status="PASS" starttime="20220722 08:10:57.081" endtime="20220722 08:10:57.088"/>
</kw>
<status status="PASS" starttime="20220722 08:10:57.081" endtime="20220722 08:10:57.088"/>
</kw>
<status status="PASS" starttime="20220722 08:10:56.354" endtime="20220722 08:10:57.088"/>
</kw>
<kw name="Signup With Short Pass">
<arg>a</arg>
<kw name="Create Dictionary" library="BuiltIn">
<var>${user}</var>
<arg>name=Matheus</arg>
<arg>lastname=Augusto</arg>
<arg>email=matheus@gmail.com</arg>
<arg>password=12345</arg>
<doc>Creates and returns a dictionary based on the given ``items``.</doc>
<msg timestamp="20220722 08:10:57.089" level="INFO">${user} = {'name': 'Matheus', 'lastname': 'Augusto', 'email': 'matheus@gmail.com', 'password': '12345'}</msg>
<status status="PASS" starttime="20220722 08:10:57.089" endtime="20220722 08:10:57.089"/>
</kw>
<kw name="Go To Signup Form" library="Actions">
<kw name="Go To" library="Browser">
<arg>${BASE_URL}/signup</arg>
<tag>BrowserControl</tag>
<tag>Setter</tag>
<doc>Navigates to the given ``url``.</doc>
<msg timestamp="20220722 08:10:57.558" level="INFO">Successfully opened URL https://getgeeks-matheus.herokuapp.com/signup</msg>
<status status="PASS" starttime="20220722 08:10:57.089" endtime="20220722 08:10:57.558"/>
</kw>
<kw name="Wait For Elements State" library="Browser">
<arg>css=.signup-form</arg>
<arg>visible</arg>
<arg>5</arg>
<tag>PageContent</tag>
<tag>Wait</tag>
<doc>Waits for the element found by ``selector`` to satisfy state option.</doc>
<msg timestamp="20220722 08:10:57.569" level="INFO">Waited for Element with selector css=.signup-form at state visible</msg>
<status status="PASS" starttime="20220722 08:10:57.558" endtime="20220722 08:10:57.569"/>
</kw>
<status status="PASS" starttime="20220722 08:10:57.089" endtime="20220722 08:10:57.569"/>
</kw>
<kw name="Fill Signup Form" library="Actions">
<arg>${user}</arg>
<kw name="Fill Text" library="Browser">
<arg>id=name</arg>
<arg>${user}[name]</arg>
<tag>PageContent</tag>
<tag>Setter</tag>
<doc>Clears and fills the given ``txt`` into the text field found by ``selector``.</doc>
<msg timestamp="20220722 08:10:57.570" level="INFO">Fills the text 'Matheus' in the given field.</msg>
<status status="PASS" starttime="20220722 08:10:57.569" endtime="20220722 08:10:57.579"/>
</kw>
<kw name="Fill Text" library="Browser">
<arg>id=lastname</arg>
<arg>${user}[lastname]</arg>
<tag>PageContent</tag>
<tag>Setter</tag>
<doc>Clears and fills the given ``txt`` into the text field found by ``selector``.</doc>
<msg timestamp="20220722 08:10:57.579" level="INFO">Fills the text 'Augusto' in the given field.</msg>
<status status="PASS" starttime="20220722 08:10:57.579" endtime="20220722 08:10:57.589"/>
</kw>
<kw name="Fill Text" library="Browser">
<arg>id=email</arg>
<arg>${user}[email]</arg>
<tag>PageContent</tag>
<tag>Setter</tag>
<doc>Clears and fills the given ``txt`` into the text field found by ``selector``.</doc>
<msg timestamp="20220722 08:10:57.590" level="INFO">Fills the text 'matheus@gmail.com' in the given field.</msg>
<status status="PASS" starttime="20220722 08:10:57.589" endtime="20220722 08:10:57.599"/>
</kw>
<kw name="Fill Text" library="Browser">
<arg>id=password</arg>
<arg>${user}[password]</arg>
<tag>PageContent</tag>
<tag>Setter</tag>
<doc>Clears and fills the given ``txt`` into the text field found by ``selector``.</doc>
<msg timestamp="20220722 08:10:57.599" level="INFO">Fills the text '12345' in the given field.</msg>
<status status="PASS" starttime="20220722 08:10:57.599" endtime="20220722 08:10:57.616"/>
</kw>
<status status="PASS" starttime="20220722 08:10:57.569" endtime="20220722 08:10:57.616"/>
</kw>
<kw name="Submit Signup Form" library="Actions">
<kw name="Click" library="Browser">
<arg>css=.submit-button &gt;&gt; text=Cadastrar</arg>
<tag>PageContent</tag>
<tag>Setter</tag>
<doc>Simulates mouse click on the element found by ``selector``.</doc>
<status status="PASS" starttime="20220722 08:10:57.616" endtime="20220722 08:10:57.671"/>
</kw>
<status status="PASS" starttime="20220722 08:10:57.616" endtime="20220722 08:10:57.671"/>
</kw>
<kw name="Alert Span Should Be" library="Actions">
<arg>Informe uma senha com pelo menos 6 caracteres</arg>
<kw name="Wait For Elements State" library="Browser">
<arg>css=span[class=error] &gt;&gt; text=${expected_alert}</arg>
<arg>visible</arg>
<arg>5</arg>
<tag>PageContent</tag>
<tag>Wait</tag>
<doc>Waits for the element found by ``selector`` to satisfy state option.</doc>
<msg timestamp="20220722 08:10:57.676" level="INFO">Waited for Element with selector css=span[class=error] &gt;&gt; text=Informe uma senha com pelo menos 6 caracteres at state visible</msg>
<status status="PASS" starttime="20220722 08:10:57.671" endtime="20220722 08:10:57.676"/>
</kw>
<status status="PASS" starttime="20220722 08:10:57.671" endtime="20220722 08:10:57.676"/>
</kw>
<status status="PASS" starttime="20220722 08:10:57.088" endtime="20220722 08:10:57.676"/>
</kw>
<kw name="Signup With Short Pass">
<arg>a2</arg>
<kw name="Create Dictionary" library="BuiltIn">
<var>${user}</var>
<arg>name=Matheus</arg>
<arg>lastname=Augusto</arg>
<arg>email=matheus@gmail.com</arg>
<arg>password=12345</arg>
<doc>Creates and returns a dictionary based on the given ``items``.</doc>
<msg timestamp="20220722 08:10:57.677" level="INFO">${user} = {'name': 'Matheus', 'lastname': 'Augusto', 'email': 'matheus@gmail.com', 'password': '12345'}</msg>
<status status="PASS" starttime="20220722 08:10:57.677" endtime="20220722 08:10:57.677"/>
</kw>
<kw name="Go To Signup Form" library="Actions">
<kw name="Go To" library="Browser">
<arg>${BASE_URL}/signup</arg>
<tag>BrowserControl</tag>
<tag>Setter</tag>
<doc>Navigates to the given ``url``.</doc>
<msg timestamp="20220722 08:10:58.153" level="INFO">Successfully opened URL https://getgeeks-matheus.herokuapp.com/signup</msg>
<status status="PASS" starttime="20220722 08:10:57.678" endtime="20220722 08:10:58.153"/>
</kw>
<kw name="Wait For Elements State" library="Browser">
<arg>css=.signup-form</arg>
<arg>visible</arg>
<arg>5</arg>
<tag>PageContent</tag>
<tag>Wait</tag>
<doc>Waits for the element found by ``selector`` to satisfy state option.</doc>
<msg timestamp="20220722 08:10:58.166" level="INFO">Waited for Element with selector css=.signup-form at state visible</msg>
<status status="PASS" starttime="20220722 08:10:58.154" endtime="20220722 08:10:58.166"/>
</kw>
<status status="PASS" starttime="20220722 08:10:57.677" endtime="20220722 08:10:58.166"/>
</kw>
<kw name="Fill Signup Form" library="Actions">
<arg>${user}</arg>
<kw name="Fill Text" library="Browser">
<arg>id=name</arg>
<arg>${user}[name]</arg>
<tag>PageContent</tag>
<tag>Setter</tag>
<doc>Clears and fills the given ``txt`` into the text field found by ``selector``.</doc>
<msg timestamp="20220722 08:10:58.167" level="INFO">Fills the text 'Matheus' in the given field.</msg>
<status status="PASS" starttime="20220722 08:10:58.167" endtime="20220722 08:10:58.179"/>
</kw>
<kw name="Fill Text" library="Browser">
<arg>id=lastname</arg>
<arg>${user}[lastname]</arg>
<tag>PageContent</tag>
<tag>Setter</tag>
<doc>Clears and fills the given ``txt`` into the text field found by ``selector``.</doc>
<msg timestamp="20220722 08:10:58.179" level="INFO">Fills the text 'Augusto' in the given field.</msg>
<status status="PASS" starttime="20220722 08:10:58.179" endtime="20220722 08:10:58.191"/>
</kw>
<kw name="Fill Text" library="Browser">
<arg>id=email</arg>
<arg>${user}[email]</arg>
<tag>PageContent</tag>
<tag>Setter</tag>
<doc>Clears and fills the given ``txt`` into the text field found by ``selector``.</doc>
<msg timestamp="20220722 08:10:58.191" level="INFO">Fills the text 'matheus@gmail.com' in the given field.</msg>
<status status="PASS" starttime="20220722 08:10:58.191" endtime="20220722 08:10:58.203"/>
</kw>
<kw name="Fill Text" library="Browser">
<arg>id=password</arg>
<arg>${user}[password]</arg>
<tag>PageContent</tag>
<tag>Setter</tag>
<doc>Clears and fills the given ``txt`` into the text field found by ``selector``.</doc>
<msg timestamp="20220722 08:10:58.204" level="INFO">Fills the text '12345' in the given field.</msg>
<status status="PASS" starttime="20220722 08:10:58.203" endtime="20220722 08:10:58.212"/>
</kw>
<status status="PASS" starttime="20220722 08:10:58.167" endtime="20220722 08:10:58.212"/>
</kw>
<kw name="Submit Signup Form" library="Actions">
<kw name="Click" library="Browser">
<arg>css=.submit-button &gt;&gt; text=Cadastrar</arg>
<tag>PageContent</tag>
<tag>Setter</tag>
<doc>Simulates mouse click on the element found by ``selector``.</doc>
<status status="PASS" starttime="20220722 08:10:58.212" endtime="20220722 08:10:58.264"/>
</kw>
<status status="PASS" starttime="20220722 08:10:58.212" endtime="20220722 08:10:58.264"/>
</kw>
<kw name="Alert Span Should Be" library="Actions">
<arg>Informe uma senha com pelo menos 6 caracteres</arg>
<kw name="Wait For Elements State" library="Browser">
<arg>css=span[class=error] &gt;&gt; text=${expected_alert}</arg>
<arg>visible</arg>
<arg>5</arg>
<tag>PageContent</tag>
<tag>Wait</tag>
<doc>Waits for the element found by ``selector`` to satisfy state option.</doc>
<msg timestamp="20220722 08:10:58.270" level="INFO">Waited for Element with selector css=span[class=error] &gt;&gt; text=Informe uma senha com pelo menos 6 caracteres at state visible</msg>
<status status="PASS" starttime="20220722 08:10:58.264" endtime="20220722 08:10:58.270"/>
</kw>
<status status="PASS" starttime="20220722 08:10:58.264" endtime="20220722 08:10:58.271"/>
</kw>
<status status="PASS" starttime="20220722 08:10:57.677" endtime="20220722 08:10:58.271"/>
</kw>
<kw name="Signup With Short Pass">
<arg>ab3</arg>
<kw name="Create Dictionary" library="BuiltIn">
<var>${user}</var>
<arg>name=Matheus</arg>
<arg>lastname=Augusto</arg>
<arg>email=matheus@gmail.com</arg>
<arg>password=12345</arg>
<doc>Creates and returns a dictionary based on the given ``items``.</doc>
<msg timestamp="20220722 08:10:58.272" level="INFO">${user} = {'name': 'Matheus', 'lastname': 'Augusto', 'email': 'matheus@gmail.com', 'password': '12345'}</msg>
<status status="PASS" starttime="20220722 08:10:58.271" endtime="20220722 08:10:58.272"/>
</kw>
<kw name="Go To Signup Form" library="Actions">
<kw name="Go To" library="Browser">
<arg>${BASE_URL}/signup</arg>
<tag>BrowserControl</tag>
<tag>Setter</tag>
<doc>Navigates to the given ``url``.</doc>
<msg timestamp="20220722 08:10:58.745" level="INFO">Successfully opened URL https://getgeeks-matheus.herokuapp.com/signup</msg>
<status status="PASS" starttime="20220722 08:10:58.272" endtime="20220722 08:10:58.745"/>
</kw>
<kw name="Wait For Elements State" library="Browser">
<arg>css=.signup-form</arg>
<arg>visible</arg>
<arg>5</arg>
<tag>PageContent</tag>
<tag>Wait</tag>
<doc>Waits for the element found by ``selector`` to satisfy state option.</doc>
<msg timestamp="20220722 08:10:58.755" level="INFO">Waited for Element with selector css=.signup-form at state visible</msg>
<status status="PASS" starttime="20220722 08:10:58.745" endtime="20220722 08:10:58.755"/>
</kw>
<status status="PASS" starttime="20220722 08:10:58.272" endtime="20220722 08:10:58.755"/>
</kw>
<kw name="Fill Signup Form" library="Actions">
<arg>${user}</arg>
<kw name="Fill Text" library="Browser">
<arg>id=name</arg>
<arg>${user}[name]</arg>
<tag>PageContent</tag>
<tag>Setter</tag>
<doc>Clears and fills the given ``txt`` into the text field found by ``selector``.</doc>
<msg timestamp="20220722 08:10:58.756" level="INFO">Fills the text 'Matheus' in the given field.</msg>
<status status="PASS" starttime="20220722 08:10:58.756" endtime="20220722 08:10:58.767"/>
</kw>
<kw name="Fill Text" library="Browser">
<arg>id=lastname</arg>
<arg>${user}[lastname]</arg>
<tag>PageContent</tag>
<tag>Setter</tag>
<doc>Clears and fills the given ``txt`` into the text field found by ``selector``.</doc>
<msg timestamp="20220722 08:10:58.767" level="INFO">Fills the text 'Augusto' in the given field.</msg>
<status status="PASS" starttime="20220722 08:10:58.767" endtime="20220722 08:10:58.778"/>
</kw>
<kw name="Fill Text" library="Browser">
<arg>id=email</arg>
<arg>${user}[email]</arg>
<tag>PageContent</tag>
<tag>Setter</tag>
<doc>Clears and fills the given ``txt`` into the text field found by ``selector``.</doc>
<msg timestamp="20220722 08:10:58.779" level="INFO">Fills the text 'matheus@gmail.com' in the given field.</msg>
<status status="PASS" starttime="20220722 08:10:58.778" endtime="20220722 08:10:58.789"/>
</kw>
<kw name="Fill Text" library="Browser">
<arg>id=password</arg>
<arg>${user}[password]</arg>
<tag>PageContent</tag>
<tag>Setter</tag>
<doc>Clears and fills the given ``txt`` into the text field found by ``selector``.</doc>
<msg timestamp="20220722 08:10:58.789" level="INFO">Fills the text '12345' in the given field.</msg>
<status status="PASS" starttime="20220722 08:10:58.789" endtime="20220722 08:10:58.798"/>
</kw>
<status status="PASS" starttime="20220722 08:10:58.755" endtime="20220722 08:10:58.798"/>
</kw>
<kw name="Submit Signup Form" library="Actions">
<kw name="Click" library="Browser">
<arg>css=.submit-button &gt;&gt; text=Cadastrar</arg>
<tag>PageContent</tag>
<tag>Setter</tag>
<doc>Simulates mouse click on the element found by ``selector``.</doc>
<status status="PASS" starttime="20220722 08:10:58.798" endtime="20220722 08:10:58.856"/>
</kw>
<status status="PASS" starttime="20220722 08:10:58.798" endtime="20220722 08:10:58.857"/>
</kw>
<kw name="Alert Span Should Be" library="Actions">
<arg>Informe uma senha com pelo menos 6 caracteres</arg>
<kw name="Wait For Elements State" library="Browser">
<arg>css=span[class=error] &gt;&gt; text=${expected_alert}</arg>
<arg>visible</arg>
<arg>5</arg>
<tag>PageContent</tag>
<tag>Wait</tag>
<doc>Waits for the element found by ``selector`` to satisfy state option.</doc>
<msg timestamp="20220722 08:10:58.865" level="INFO">Waited for Element with selector css=span[class=error] &gt;&gt; text=Informe uma senha com pelo menos 6 caracteres at state visible</msg>
<status status="PASS" starttime="20220722 08:10:58.858" endtime="20220722 08:10:58.865"/>
</kw>
<status status="PASS" starttime="20220722 08:10:58.857" endtime="20220722 08:10:58.865"/>
</kw>
<status status="PASS" starttime="20220722 08:10:58.271" endtime="20220722 08:10:58.865"/>
</kw>
<kw name="Signup With Short Pass">
<arg>ab3c</arg>
<kw name="Create Dictionary" library="BuiltIn">
<var>${user}</var>
<arg>name=Matheus</arg>
<arg>lastname=Augusto</arg>
<arg>email=matheus@gmail.com</arg>
<arg>password=12345</arg>
<doc>Creates and returns a dictionary based on the given ``items``.</doc>
<msg timestamp="20220722 08:10:58.866" level="INFO">${user} = {'name': 'Matheus', 'lastname': 'Augusto', 'email': 'matheus@gmail.com', 'password': '12345'}</msg>
<status status="PASS" starttime="20220722 08:10:58.866" endtime="20220722 08:10:58.866"/>
</kw>
<kw name="Go To Signup Form" library="Actions">
<kw name="Go To" library="Browser">
<arg>${BASE_URL}/signup</arg>
<tag>BrowserControl</tag>
<tag>Setter</tag>
<doc>Navigates to the given ``url``.</doc>
<msg timestamp="20220722 08:10:59.339" level="INFO">Successfully opened URL https://getgeeks-matheus.herokuapp.com/signup</msg>
<status status="PASS" starttime="20220722 08:10:58.867" endtime="20220722 08:10:59.339"/>
</kw>
<kw name="Wait For Elements State" library="Browser">
<arg>css=.signup-form</arg>
<arg>visible</arg>
<arg>5</arg>
<tag>PageContent</tag>
<tag>Wait</tag>
<doc>Waits for the element found by ``selector`` to satisfy state option.</doc>
<msg timestamp="20220722 08:10:59.351" level="INFO">Waited for Element with selector css=.signup-form at state visible</msg>
<status status="PASS" starttime="20220722 08:10:59.340" endtime="20220722 08:10:59.351"/>
</kw>
<status status="PASS" starttime="20220722 08:10:58.867" endtime="20220722 08:10:59.351"/>
</kw>
<kw name="Fill Signup Form" library="Actions">
<arg>${user}</arg>
<kw name="Fill Text" library="Browser">
<arg>id=name</arg>
<arg>${user}[name]</arg>
<tag>PageContent</tag>
<tag>Setter</tag>
<doc>Clears and fills the given ``txt`` into the text field found by ``selector``.</doc>
<msg timestamp="20220722 08:10:59.352" level="INFO">Fills the text 'Matheus' in the given field.</msg>
<status status="PASS" starttime="20220722 08:10:59.352" endtime="20220722 08:10:59.360"/>
</kw>
<kw name="Fill Text" library="Browser">
<arg>id=lastname</arg>
<arg>${user}[lastname]</arg>
<tag>PageContent</tag>
<tag>Setter</tag>
<doc>Clears and fills the given ``txt`` into the text field found by ``selector``.</doc>
<msg timestamp="20220722 08:10:59.361" level="INFO">Fills the text 'Augusto' in the given field.</msg>
<status status="PASS" starttime="20220722 08:10:59.361" endtime="20220722 08:10:59.370"/>
</kw>
<kw name="Fill Text" library="Browser">
<arg>id=email</arg>
<arg>${user}[email]</arg>
<tag>PageContent</tag>
<tag>Setter</tag>
<doc>Clears and fills the given ``txt`` into the text field found by ``selector``.</doc>
<msg timestamp="20220722 08:10:59.370" level="INFO">Fills the text 'matheus@gmail.com' in the given field.</msg>
<status status="PASS" starttime="20220722 08:10:59.370" endtime="20220722 08:10:59.382"/>
</kw>
<kw name="Fill Text" library="Browser">
<arg>id=password</arg>
<arg>${user}[password]</arg>
<tag>PageContent</tag>
<tag>Setter</tag>
<doc>Clears and fills the given ``txt`` into the text field found by ``selector``.</doc>
<msg timestamp="20220722 08:10:59.382" level="INFO">Fills the text '12345' in the given field.</msg>
<status status="PASS" starttime="20220722 08:10:59.382" endtime="20220722 08:10:59.393"/>
</kw>
<status status="PASS" starttime="20220722 08:10:59.351" endtime="20220722 08:10:59.393"/>
</kw>
<kw name="Submit Signup Form" library="Actions">
<kw name="Click" library="Browser">
<arg>css=.submit-button &gt;&gt; text=Cadastrar</arg>
<tag>PageContent</tag>
<tag>Setter</tag>
<doc>Simulates mouse click on the element found by ``selector``.</doc>
<status status="PASS" starttime="20220722 08:10:59.393" endtime="20220722 08:10:59.430"/>
</kw>
<status status="PASS" starttime="20220722 08:10:59.393" endtime="20220722 08:10:59.430"/>
</kw>
<kw name="Alert Span Should Be" library="Actions">
<arg>Informe uma senha com pelo menos 6 caracteres</arg>
<kw name="Wait For Elements State" library="Browser">
<arg>css=span[class=error] &gt;&gt; text=${expected_alert}</arg>
<arg>visible</arg>
<arg>5</arg>
<tag>PageContent</tag>
<tag>Wait</tag>
<doc>Waits for the element found by ``selector`` to satisfy state option.</doc>
<msg timestamp="20220722 08:10:59.435" level="INFO">Waited for Element with selector css=span[class=error] &gt;&gt; text=Informe uma senha com pelo menos 6 caracteres at state visible</msg>
<status status="PASS" starttime="20220722 08:10:59.431" endtime="20220722 08:10:59.435"/>
</kw>
<status status="PASS" starttime="20220722 08:10:59.430" endtime="20220722 08:10:59.435"/>
</kw>
<status status="PASS" starttime="20220722 08:10:58.866" endtime="20220722 08:10:59.435"/>
</kw>
<kw name="Signup With Short Pass">
<arg>a23bc</arg>
<kw name="Create Dictionary" library="BuiltIn">
<var>${user}</var>
<arg>name=Matheus</arg>
<arg>lastname=Augusto</arg>
<arg>email=matheus@gmail.com</arg>
<arg>password=12345</arg>
<doc>Creates and returns a dictionary based on the given ``items``.</doc>
<msg timestamp="20220722 08:10:59.436" level="INFO">${user} = {'name': 'Matheus', 'lastname': 'Augusto', 'email': 'matheus@gmail.com', 'password': '12345'}</msg>
<status status="PASS" starttime="20220722 08:10:59.436" endtime="20220722 08:10:59.436"/>
</kw>
<kw name="Go To Signup Form" library="Actions">
<kw name="Go To" library="Browser">
<arg>${BASE_URL}/signup</arg>
<tag>BrowserControl</tag>
<tag>Setter</tag>
<doc>Navigates to the given ``url``.</doc>
<msg timestamp="20220722 08:10:59.905" level="INFO">Successfully opened URL https://getgeeks-matheus.herokuapp.com/signup</msg>
<status status="PASS" starttime="20220722 08:10:59.436" endtime="20220722 08:10:59.905"/>
</kw>
<kw name="Wait For Elements State" library="Browser">
<arg>css=.signup-form</arg>
<arg>visible</arg>
<arg>5</arg>
<tag>PageContent</tag>
<tag>Wait</tag>
<doc>Waits for the element found by ``selector`` to satisfy state option.</doc>
<msg timestamp="20220722 08:10:59.915" level="INFO">Waited for Element with selector css=.signup-form at state visible</msg>
<status status="PASS" starttime="20220722 08:10:59.905" endtime="20220722 08:10:59.915"/>
</kw>
<status status="PASS" starttime="20220722 08:10:59.436" endtime="20220722 08:10:59.915"/>
</kw>
<kw name="Fill Signup Form" library="Actions">
<arg>${user}</arg>
<kw name="Fill Text" library="Browser">
<arg>id=name</arg>
<arg>${user}[name]</arg>
<tag>PageContent</tag>
<tag>Setter</tag>
<doc>Clears and fills the given ``txt`` into the text field found by ``selector``.</doc>
<msg timestamp="20220722 08:10:59.916" level="INFO">Fills the text 'Matheus' in the given field.</msg>
<status status="PASS" starttime="20220722 08:10:59.916" endtime="20220722 08:10:59.926"/>
</kw>
<kw name="Fill Text" library="Browser">
<arg>id=lastname</arg>
<arg>${user}[lastname]</arg>
<tag>PageContent</tag>
<tag>Setter</tag>
<doc>Clears and fills the given ``txt`` into the text field found by ``selector``.</doc>
<msg timestamp="20220722 08:10:59.926" level="INFO">Fills the text 'Augusto' in the given field.</msg>
<status status="PASS" starttime="20220722 08:10:59.926" endtime="20220722 08:10:59.937"/>
</kw>
<kw name="Fill Text" library="Browser">
<arg>id=email</arg>
<arg>${user}[email]</arg>
<tag>PageContent</tag>
<tag>Setter</tag>
<doc>Clears and fills the given ``txt`` into the text field found by ``selector``.</doc>
<msg timestamp="20220722 08:10:59.938" level="INFO">Fills the text 'matheus@gmail.com' in the given field.</msg>
<status status="PASS" starttime="20220722 08:10:59.937" endtime="20220722 08:10:59.948"/>
</kw>
<kw name="Fill Text" library="Browser">
<arg>id=password</arg>
<arg>${user}[password]</arg>
<tag>PageContent</tag>
<tag>Setter</tag>
<doc>Clears and fills the given ``txt`` into the text field found by ``selector``.</doc>
<msg timestamp="20220722 08:10:59.949" level="INFO">Fills the text '12345' in the given field.</msg>
<status status="PASS" starttime="20220722 08:10:59.949" endtime="20220722 08:10:59.958"/>
</kw>
<status status="PASS" starttime="20220722 08:10:59.915" endtime="20220722 08:10:59.958"/>
</kw>
<kw name="Submit Signup Form" library="Actions">
<kw name="Click" library="Browser">
<arg>css=.submit-button &gt;&gt; text=Cadastrar</arg>
<tag>PageContent</tag>
<tag>Setter</tag>
<doc>Simulates mouse click on the element found by ``selector``.</doc>
<status status="PASS" starttime="20220722 08:10:59.958" endtime="20220722 08:11:00.266"/>
</kw>
<status status="PASS" starttime="20220722 08:10:59.958" endtime="20220722 08:11:00.266"/>
</kw>
<kw name="Alert Span Should Be" library="Actions">
<arg>Informe uma senha com pelo menos 6 caracteres</arg>
<kw name="Wait For Elements State" library="Browser">
<arg>css=span[class=error] &gt;&gt; text=${expected_alert}</arg>
<arg>visible</arg>
<arg>5</arg>
<tag>PageContent</tag>
<tag>Wait</tag>
<doc>Waits for the element found by ``selector`` to satisfy state option.</doc>
<msg timestamp="20220722 08:11:00.271" level="INFO">Waited for Element with selector css=span[class=error] &gt;&gt; text=Informe uma senha com pelo menos 6 caracteres at state visible</msg>
<status status="PASS" starttime="20220722 08:11:00.266" endtime="20220722 08:11:00.271"/>
</kw>
<status status="PASS" starttime="20220722 08:11:00.266" endtime="20220722 08:11:00.272"/>
</kw>
<status status="PASS" starttime="20220722 08:10:59.435" endtime="20220722 08:11:00.272"/>
</kw>
<kw name="Signup With Short Pass">
<arg>-1</arg>
<kw name="Create Dictionary" library="BuiltIn">
<var>${user}</var>
<arg>name=Matheus</arg>
<arg>lastname=Augusto</arg>
<arg>email=matheus@gmail.com</arg>
<arg>password=12345</arg>
<doc>Creates and returns a dictionary based on the given ``items``.</doc>
<msg timestamp="20220722 08:11:00.273" level="INFO">${user} = {'name': 'Matheus', 'lastname': 'Augusto', 'email': 'matheus@gmail.com', 'password': '12345'}</msg>
<status status="PASS" starttime="20220722 08:11:00.272" endtime="20220722 08:11:00.273"/>
</kw>
<kw name="Go To Signup Form" library="Actions">
<kw name="Go To" library="Browser">
<arg>${BASE_URL}/signup</arg>
<tag>BrowserControl</tag>
<tag>Setter</tag>
<doc>Navigates to the given ``url``.</doc>
<msg timestamp="20220722 08:11:00.757" level="INFO">Successfully opened URL https://getgeeks-matheus.herokuapp.com/signup</msg>
<status status="PASS" starttime="20220722 08:11:00.273" endtime="20220722 08:11:00.757"/>
</kw>
<kw name="Wait For Elements State" library="Browser">
<arg>css=.signup-form</arg>
<arg>visible</arg>
<arg>5</arg>
<tag>PageContent</tag>
<tag>Wait</tag>
<doc>Waits for the element found by ``selector`` to satisfy state option.</doc>
<msg timestamp="20220722 08:11:00.769" level="INFO">Waited for Element with selector css=.signup-form at state visible</msg>
<status status="PASS" starttime="20220722 08:11:00.757" endtime="20220722 08:11:00.769"/>
</kw>
<status status="PASS" starttime="20220722 08:11:00.273" endtime="20220722 08:11:00.769"/>
</kw>
<kw name="Fill Signup Form" library="Actions">
<arg>${user}</arg>
<kw name="Fill Text" library="Browser">
<arg>id=name</arg>
<arg>${user}[name]</arg>
<tag>PageContent</tag>
<tag>Setter</tag>
<doc>Clears and fills the given ``txt`` into the text field found by ``selector``.</doc>
<msg timestamp="20220722 08:11:00.770" level="INFO">Fills the text 'Matheus' in the given field.</msg>
<status status="PASS" starttime="20220722 08:11:00.769" endtime="20220722 08:11:00.784"/>
</kw>
<kw name="Fill Text" library="Browser">
<arg>id=lastname</arg>
<arg>${user}[lastname]</arg>
<tag>PageContent</tag>
<tag>Setter</tag>
<doc>Clears and fills the given ``txt`` into the text field found by ``selector``.</doc>
<msg timestamp="20220722 08:11:00.785" level="INFO">Fills the text 'Augusto' in the given field.</msg>
<status status="PASS" starttime="20220722 08:11:00.784" endtime="20220722 08:11:00.797"/>
</kw>
<kw name="Fill Text" library="Browser">
<arg>id=email</arg>
<arg>${user}[email]</arg>
<tag>PageContent</tag>
<tag>Setter</tag>
<doc>Clears and fills the given ``txt`` into the text field found by ``selector``.</doc>
<msg timestamp="20220722 08:11:00.797" level="INFO">Fills the text 'matheus@gmail.com' in the given field.</msg>
<status status="PASS" starttime="20220722 08:11:00.797" endtime="20220722 08:11:00.810"/>
</kw>
<kw name="Fill Text" library="Browser">
<arg>id=password</arg>
<arg>${user}[password]</arg>
<tag>PageContent</tag>
<tag>Setter</tag>
<doc>Clears and fills the given ``txt`` into the text field found by ``selector``.</doc>
<msg timestamp="20220722 08:11:00.810" level="INFO">Fills the text '12345' in the given field.</msg>
<status status="PASS" starttime="20220722 08:11:00.810" endtime="20220722 08:11:00.822"/>
</kw>
<status status="PASS" starttime="20220722 08:11:00.769" endtime="20220722 08:11:00.823"/>
</kw>
<kw name="Submit Signup Form" library="Actions">
<kw name="Click" library="Browser">
<arg>css=.submit-button &gt;&gt; text=Cadastrar</arg>
<tag>PageContent</tag>
<tag>Setter</tag>
<doc>Simulates mouse click on the element found by ``selector``.</doc>
<status status="PASS" starttime="20220722 08:11:00.823" endtime="20220722 08:11:00.871"/>
</kw>
<status status="PASS" starttime="20220722 08:11:00.823" endtime="20220722 08:11:00.871"/>
</kw>
<kw name="Alert Span Should Be" library="Actions">
<arg>Informe uma senha com pelo menos 6 caracteres</arg>
<kw name="Wait For Elements State" library="Browser">
<arg>css=span[class=error] &gt;&gt; text=${expected_alert}</arg>
<arg>visible</arg>
<arg>5</arg>
<tag>PageContent</tag>
<tag>Wait</tag>
<doc>Waits for the element found by ``selector`` to satisfy state option.</doc>
<msg timestamp="20220722 08:11:00.889" level="INFO">Waited for Element with selector css=span[class=error] &gt;&gt; text=Informe uma senha com pelo menos 6 caracteres at state visible</msg>
<status status="PASS" starttime="20220722 08:11:00.871" endtime="20220722 08:11:00.889"/>
</kw>
<status status="PASS" starttime="20220722 08:11:00.871" endtime="20220722 08:11:00.889"/>
</kw>
<status status="PASS" starttime="20220722 08:11:00.272" endtime="20220722 08:11:00.889"/>
</kw>
<kw name="Signup With Short Pass">
<arg>acb#1</arg>
<kw name="Create Dictionary" library="BuiltIn">
<var>${user}</var>
<arg>name=Matheus</arg>
<arg>lastname=Augusto</arg>
<arg>email=matheus@gmail.com</arg>
<arg>password=12345</arg>
<doc>Creates and returns a dictionary based on the given ``items``.</doc>
<msg timestamp="20220722 08:11:00.890" level="INFO">${user} = {'name': 'Matheus', 'lastname': 'Augusto', 'email': 'matheus@gmail.com', 'password': '12345'}</msg>
<status status="PASS" starttime="20220722 08:11:00.889" endtime="20220722 08:11:00.890"/>
</kw>
<kw name="Go To Signup Form" library="Actions">
<kw name="Go To" library="Browser">
<arg>${BASE_URL}/signup</arg>
<tag>BrowserControl</tag>
<tag>Setter</tag>
<doc>Navigates to the given ``url``.</doc>
<msg timestamp="20220722 08:11:01.355" level="INFO">Successfully opened URL https://getgeeks-matheus.herokuapp.com/signup</msg>
<status status="PASS" starttime="20220722 08:11:00.890" endtime="20220722 08:11:01.355"/>
</kw>
<kw name="Wait For Elements State" library="Browser">
<arg>css=.signup-form</arg>
<arg>visible</arg>
<arg>5</arg>
<tag>PageContent</tag>
<tag>Wait</tag>
<doc>Waits for the element found by ``selector`` to satisfy state option.</doc>
<msg timestamp="20220722 08:11:01.367" level="INFO">Waited for Element with selector css=.signup-form at state visible</msg>
<status status="PASS" starttime="20220722 08:11:01.355" endtime="20220722 08:11:01.367"/>
</kw>
<status status="PASS" starttime="20220722 08:11:00.890" endtime="20220722 08:11:01.367"/>
</kw>
<kw name="Fill Signup Form" library="Actions">
<arg>${user}</arg>
<kw name="Fill Text" library="Browser">
<arg>id=name</arg>
<arg>${user}[name]</arg>
<tag>PageContent</tag>
<tag>Setter</tag>
<doc>Clears and fills the given ``txt`` into the text field found by ``selector``.</doc>
<msg timestamp="20220722 08:11:01.368" level="INFO">Fills the text 'Matheus' in the given field.</msg>
<status status="PASS" starttime="20220722 08:11:01.367" endtime="20220722 08:11:01.378"/>
</kw>
<kw name="Fill Text" library="Browser">
<arg>id=lastname</arg>
<arg>${user}[lastname]</arg>
<tag>PageContent</tag>
<tag>Setter</tag>
<doc>Clears and fills the given ``txt`` into the text field found by ``selector``.</doc>
<msg timestamp="20220722 08:11:01.378" level="INFO">Fills the text 'Augusto' in the given field.</msg>
<status status="PASS" starttime="20220722 08:11:01.378" endtime="20220722 08:11:01.387"/>
</kw>
<kw name="Fill Text" library="Browser">
<arg>id=email</arg>
<arg>${user}[email]</arg>
<tag>PageContent</tag>
<tag>Setter</tag>
<doc>Clears and fills the given ``txt`` into the text field found by ``selector``.</doc>
<msg timestamp="20220722 08:11:01.387" level="INFO">Fills the text 'matheus@gmail.com' in the given field.</msg>
<status status="PASS" starttime="20220722 08:11:01.387" endtime="20220722 08:11:01.399"/>
</kw>
<kw name="Fill Text" library="Browser">
<arg>id=password</arg>
<arg>${user}[password]</arg>
<tag>PageContent</tag>
<tag>Setter</tag>
<doc>Clears and fills the given ``txt`` into the text field found by ``selector``.</doc>
<msg timestamp="20220722 08:11:01.399" level="INFO">Fills the text '12345' in the given field.</msg>
<status status="PASS" starttime="20220722 08:11:01.399" endtime="20220722 08:11:01.411"/>
</kw>
<status status="PASS" starttime="20220722 08:11:01.367" endtime="20220722 08:11:01.411"/>
</kw>
<kw name="Submit Signup Form" library="Actions">
<kw name="Click" library="Browser">
<arg>css=.submit-button &gt;&gt; text=Cadastrar</arg>
<tag>PageContent</tag>
<tag>Setter</tag>
<doc>Simulates mouse click on the element found by ``selector``.</doc>
<status status="PASS" starttime="20220722 08:11:01.411" endtime="20220722 08:11:01.462"/>
</kw>
<status status="PASS" starttime="20220722 08:11:01.411" endtime="20220722 08:11:01.462"/>
</kw>
<kw name="Alert Span Should Be" library="Actions">
<arg>Informe uma senha com pelo menos 6 caracteres</arg>
<kw name="Wait For Elements State" library="Browser">
<arg>css=span[class=error] &gt;&gt; text=${expected_alert}</arg>
<arg>visible</arg>
<arg>5</arg>
<tag>PageContent</tag>
<tag>Wait</tag>
<doc>Waits for the element found by ``selector`` to satisfy state option.</doc>
<msg timestamp="20220722 08:11:01.468" level="INFO">Waited for Element with selector css=span[class=error] &gt;&gt; text=Informe uma senha com pelo menos 6 caracteres at state visible</msg>
<status status="PASS" starttime="20220722 08:11:01.462" endtime="20220722 08:11:01.469"/>
</kw>
<status status="PASS" starttime="20220722 08:11:01.462" endtime="20220722 08:11:01.469"/>
</kw>
<status status="PASS" starttime="20220722 08:11:00.889" endtime="20220722 08:11:01.469"/>
</kw>
<kw name="Finish Session" library="Base" type="TEARDOWN">
<kw name="Take Screenshot" library="Browser">
<tag>PageContent</tag>
<doc>Takes a screenshot of the current window or element and saves it to disk.</doc>
<msg timestamp="20220722 08:11:01.974" level="INFO" html="true">&lt;/td&gt;&lt;/tr&gt;&lt;tr&gt;&lt;td colspan="3"&gt;&lt;a href="browser/screenshot/robotframework-browser-screenshot-5.png"&gt;&lt;img src="browser/screenshot/robotframework-browser-screenshot-5.png" width="800px"&gt;&lt;/a&gt;</msg>
<status status="PASS" starttime="20220722 08:11:01.471" endtime="20220722 08:11:01.974"/>
</kw>
<status status="PASS" starttime="20220722 08:11:01.470" endtime="20220722 08:11:01.974"/>
</kw>
<tag>attempt_signup</tag>
<tag>short_pass</tag>
<status status="PASS" starttime="20220722 08:10:51.275" endtime="20220722 08:11:01.975"/>
</test>
<doc>Signup Test Suite</doc>
<status status="PASS" starttime="20220722 08:10:33.161" endtime="20220722 08:11:02.016"/>
</suite>
<statistics>
<total>
<stat pass="5" fail="0" skip="0">All Tests</stat>
</total>
<tag>
<stat pass="4" fail="0" skip="0">attempt_signup</stat>
<stat pass="1" fail="0" skip="0">reqf</stat>
<stat pass="1" fail="0" skip="0">short_pass</stat>
</tag>
<suite>
<stat pass="5" fail="0" skip="0" id="s1" name="Signup">Signup</stat>
</suite>
</statistics>
<errors>
</errors>
</robot>
