<?xml version="1.0" encoding="UTF-8"?>
<robot generator="Robot 5.0.1 (Python 3.10.5 on win32)" generated="20220722 07:57:25.051" rpa="false" schemaversion="3">
<suite id="s1" name="Signup" source="C:\Users\User\Documents\dev\GravidadeZERO\getgeeks\project\tests\Signup.robot">
<test id="s1-t1" name="Register a new user" line="10">
<kw name="Start Session" library="Base" type="SETUP">
<kw name="New Browser" library="Browser">
<arg>chromium</arg>
<arg>headless=false</arg>
<arg>slowMo=00:00:00</arg>
<tag>BrowserControl</tag>
<tag>Setter</tag>
<doc>Create a new playwright Browser with specified options.</doc>
<msg timestamp="20220722 07:57:25.908" level="INFO">{"browser": "chromium", "headless": false, "handleSIGINT": true, "handleSIGTERM": true, "handleSIGHUP": true, "timeout": 30000.0, "devtools": false, "slowMo": 0.0, "tracesDir": "C:\\Users\\User\\Documents\\dev\\GravidadeZERO\\getgeeks\\project\\logs\\browser\\traces\\4ae7c028-27f6-4a73-be2c-c15b9cd40660"}</msg>
<msg timestamp="20220722 07:57:26.238" level="INFO">Successfully created browser with options: {"browser":"chromium","headless":false,"handleSIGINT":true,"handleSIGTERM":true,"handleSIGHUP":true,"timeout":30000,"devtools":false,"slowMo":0,"tracesDir":"C:\\Users\\User\\Documents\\dev\\GravidadeZERO\\getgeeks\\project\\logs\\browser\\traces\\4ae7c028-27f6-4a73-be2c-c15b9cd40660"}</msg>
<status status="PASS" starttime="20220722 07:57:25.908" endtime="20220722 07:57:26.238"/>
</kw>
<kw name="New Page" library="Browser">
<arg>${BASE_URL}</arg>
<tag>BrowserControl</tag>
<tag>Setter</tag>
<doc>Open a new Page.</doc>
<msg timestamp="20220722 07:57:28.139" level="INFO">Successfully initialized new page object and opened url: https://getgeeks-matheus.herokuapp.com</msg>
<msg timestamp="20220722 07:57:28.139" level="INFO">No context was open. New context was automatically opened when this page is created.</msg>
<status status="PASS" starttime="20220722 07:57:26.239" endtime="20220722 07:57:28.139"/>
</kw>
<status status="PASS" starttime="20220722 07:57:25.908" endtime="20220722 07:57:28.140"/>
</kw>
<kw name="Factory User" library="Users">
<var>${user}</var>
<msg timestamp="20220722 07:57:28.141" level="INFO">${user} = {'name': 'Jennifer', 'lastname': 'Baker', 'email': 'schultzronnie@hotmail.com', 'password': 'ogelogel1'}</msg>
<status status="PASS" starttime="20220722 07:57:28.140" endtime="20220722 07:57:28.141"/>
</kw>
<kw name="Go To Signup Form" library="Actions">
<kw name="Go To" library="Browser">
<arg>${BASE_URL}/signup</arg>
<tag>BrowserControl</tag>
<tag>Setter</tag>
<doc>Navigates to the given ``url``.</doc>
<msg timestamp="20220722 07:57:28.912" level="INFO">Successfully opened URL https://getgeeks-matheus.herokuapp.com/signup</msg>
<status status="PASS" starttime="20220722 07:57:28.141" endtime="20220722 07:57:28.913"/>
</kw>
<kw name="Wait For Elements State" library="Browser">
<arg>css=.signup-form</arg>
<arg>visible</arg>
<arg>5</arg>
<tag>PageContent</tag>
<tag>Wait</tag>
<doc>Waits for the element found by ``selector`` to satisfy state option.</doc>
<msg timestamp="20220722 07:57:28.935" level="INFO">Waited for Element with selector css=.signup-form at state visible</msg>
<status status="PASS" starttime="20220722 07:57:28.913" endtime="20220722 07:57:28.936"/>
</kw>
<status status="PASS" starttime="20220722 07:57:28.141" endtime="20220722 07:57:28.936"/>
</kw>
<kw name="Fill Signup Form" library="Actions">
<arg>${user}</arg>
<kw name="Fill Text" library="Browser">
<arg>id=name</arg>
<arg>${user}[name]</arg>
<tag>PageContent</tag>
<tag>Setter</tag>
<doc>Clears and fills the given ``txt`` into the text field found by ``selector``.</doc>
<msg timestamp="20220722 07:57:28.937" level="INFO">Fills the text 'Jennifer' in the given field.</msg>
<status status="PASS" starttime="20220722 07:57:28.936" endtime="20220722 07:57:28.956"/>
</kw>
<kw name="Fill Text" library="Browser">
<arg>id=lastname</arg>
<arg>${user}[lastname]</arg>
<tag>PageContent</tag>
<tag>Setter</tag>
<doc>Clears and fills the given ``txt`` into the text field found by ``selector``.</doc>
<msg timestamp="20220722 07:57:28.957" level="INFO">Fills the text 'Baker' in the given field.</msg>
<status status="PASS" starttime="20220722 07:57:28.957" endtime="20220722 07:57:28.972"/>
</kw>
<kw name="Fill Text" library="Browser">
<arg>id=email</arg>
<arg>${user}[email]</arg>
<tag>PageContent</tag>
<tag>Setter</tag>
<doc>Clears and fills the given ``txt`` into the text field found by ``selector``.</doc>
<msg timestamp="20220722 07:57:28.973" level="INFO">Fills the text 'schultzronnie@hotmail.com' in the given field.</msg>
<status status="PASS" starttime="20220722 07:57:28.973" endtime="20220722 07:57:28.985"/>
</kw>
<kw name="Fill Text" library="Browser">
<arg>id=password</arg>
<arg>${user}[password]</arg>
<tag>PageContent</tag>
<tag>Setter</tag>
<doc>Clears and fills the given ``txt`` into the text field found by ``selector``.</doc>
<msg timestamp="20220722 07:57:28.986" level="INFO">Fills the text 'ogelogel1' in the given field.</msg>
<status status="PASS" starttime="20220722 07:57:28.985" endtime="20220722 07:57:28.999"/>
</kw>
<status status="PASS" starttime="20220722 07:57:28.936" endtime="20220722 07:57:28.999"/>
</kw>
<kw name="Submit Signup Form" library="Actions">
<kw name="Click" library="Browser">
<arg>css=.submit-button &gt;&gt; text=Cadastrar</arg>
<tag>PageContent</tag>
<tag>Setter</tag>
<doc>Simulates mouse click on the element found by ``selector``.</doc>
<status status="PASS" starttime="20220722 07:57:29.000" endtime="20220722 07:57:29.047"/>
</kw>
<status status="PASS" starttime="20220722 07:57:28.999" endtime="20220722 07:57:29.047"/>
</kw>
<kw name="User Should Be Registered" library="Actions">
<kw name="Set Variable" library="BuiltIn">
<var>${expected_message}</var>
<arg>css=p &gt;&gt; text=Agora você faz parte da Getgeeks. Tenha uma ótima experiência.</arg>
<doc>Returns the given values which can then be assigned to a variables.</doc>
<msg timestamp="20220722 07:57:29.048" level="INFO">${expected_message} = css=p &gt;&gt; text=Agora você faz parte da Getgeeks. Tenha uma ótima experiência.</msg>
<status status="PASS" starttime="20220722 07:57:29.048" endtime="20220722 07:57:29.048"/>
</kw>
<kw name="Wait For Elements State" library="Browser">
<arg>${expected_message}</arg>
<arg>visible</arg>
<arg>5</arg>
<tag>PageContent</tag>
<tag>Wait</tag>
<doc>Waits for the element found by ``selector`` to satisfy state option.</doc>
<msg timestamp="20220722 07:57:29.857" level="INFO">Waited for Element with selector css=p &gt;&gt; text=Agora você faz parte da Getgeeks. Tenha uma ótima experiência. at state visible</msg>
<status status="PASS" starttime="20220722 07:57:29.048" endtime="20220722 07:57:29.857"/>
</kw>
<status status="PASS" starttime="20220722 07:57:29.047" endtime="20220722 07:57:29.857"/>
</kw>
<kw name="Finish Session" library="Base" type="TEARDOWN">
<kw name="Take Screenshot" library="Browser">
<tag>PageContent</tag>
<doc>Takes a screenshot of the current window or element and saves it to disk.</doc>
<msg timestamp="20220722 07:57:29.948" level="INFO" html="true">&lt;/td&gt;&lt;/tr&gt;&lt;tr&gt;&lt;td colspan="3"&gt;&lt;a href="browser/screenshot/robotframework-browser-screenshot-1.png"&gt;&lt;img src="browser/screenshot/robotframework-browser-screenshot-1.png" width="800px"&gt;&lt;/a&gt;</msg>
<status status="PASS" starttime="20220722 07:57:29.858" endtime="20220722 07:57:29.948"/>
</kw>
<status status="PASS" starttime="20220722 07:57:29.857" endtime="20220722 07:57:29.948"/>
</kw>
<status status="PASS" starttime="20220722 07:57:25.906" endtime="20220722 07:57:29.949"/>
</test>
<test id="s1-t2" name="Duplicate User" line="19">
<kw name="Start Session" library="Base" type="SETUP">
<kw name="New Browser" library="Browser">
<arg>chromium</arg>
<arg>headless=false</arg>
<arg>slowMo=00:00:00</arg>
<tag>BrowserControl</tag>
<tag>Setter</tag>
<doc>Create a new playwright Browser with specified options.</doc>
<msg timestamp="20220722 07:57:30.000" level="INFO">{"browser": "chromium", "headless": false, "handleSIGINT": true, "handleSIGTERM": true, "handleSIGHUP": true, "timeout": 30000.0, "devtools": false, "slowMo": 0.0, "tracesDir": "C:\\Users\\User\\Documents\\dev\\GravidadeZERO\\getgeeks\\project\\logs\\browser\\traces\\18e49414-0333-4dbe-802c-4518f2712f38"}</msg>
<msg timestamp="20220722 07:57:30.428" level="INFO">Successfully created browser with options: {"browser":"chromium","headless":false,"handleSIGINT":true,"handleSIGTERM":true,"handleSIGHUP":true,"timeout":30000,"devtools":false,"slowMo":0,"tracesDir":"C:\\Users\\User\\Documents\\dev\\GravidadeZERO\\getgeeks\\project\\logs\\browser\\traces\\18e49414-0333-4dbe-802c-4518f2712f38"}</msg>
<status status="PASS" starttime="20220722 07:57:29.999" endtime="20220722 07:57:30.429"/>
</kw>
<kw name="New Page" library="Browser">
<arg>${BASE_URL}</arg>
<tag>BrowserControl</tag>
<tag>Setter</tag>
<doc>Open a new Page.</doc>
<msg timestamp="20220722 07:57:32.261" level="INFO">Successfully initialized new page object and opened url: https://getgeeks-matheus.herokuapp.com</msg>
<msg timestamp="20220722 07:57:32.261" level="INFO">No context was open. New context was automatically opened when this page is created.</msg>
<status status="PASS" starttime="20220722 07:57:30.429" endtime="20220722 07:57:32.261"/>
</kw>
<status status="PASS" starttime="20220722 07:57:29.999" endtime="20220722 07:57:32.261"/>
</kw>
<kw name="Factory User" library="Users">
<var>${user}</var>
<msg timestamp="20220722 07:57:32.263" level="INFO">${user} = {'name': 'David', 'lastname': 'Nguyen', 'email': 'manderson@gmail.com', 'password': 'ogelogel1'}</msg>
<status status="PASS" starttime="20220722 07:57:32.262" endtime="20220722 07:57:32.263"/>
</kw>
<kw name="Add User From Database" library="Helpers">
<arg>${user}</arg>
<kw name="Connect To Postgres" library="Database">
<kw name="Connect To Database" library="DatabaseLibrary">
<arg>psycopg2</arg>
<arg>wwfsnskq</arg>
<arg>wwfsnskq</arg>
<arg>80Ji6hybbwH6wgwG4AZwt_49bexrfaMv</arg>
<arg>jelani.db.elephantsql.com</arg>
<arg>5432</arg>
<doc>Loads the DB API 2.0 module given `dbapiModuleName` then uses it to
connect to the database using `dbName`, `dbUsername`, and `dbPassword`.</doc>
<msg timestamp="20220722 07:57:32.285" level="INFO">Connecting using : psycopg2.connect(database=wwfsnskq, user=wwfsnskq, password=80Ji6hybbwH6wgwG4AZwt_49bexrfaMv, host=jelani.db.elephantsql.com, port=5432) </msg>
<status status="PASS" starttime="20220722 07:57:32.264" endtime="20220722 07:57:33.229"/>
</kw>
<status status="PASS" starttime="20220722 07:57:32.264" endtime="20220722 07:57:33.229"/>
</kw>
<kw name="Insert User" library="Database">
<arg>${user}</arg>
<kw name="Set Variable" library="BuiltIn">
<var>${q}</var>
<arg>INSERT INTO public.users (name, email, password_hash, is_geek) values ('${u}[name] ${u}[lastname]', '${u}[email]', '${u}[password]', false)</arg>
<doc>Returns the given values which can then be assigned to a variables.</doc>
<msg timestamp="20220722 07:57:33.230" level="INFO">${q} = INSERT INTO public.users (name, email, password_hash, is_geek) values ('David Nguyen', 'manderson@gmail.com', 'ogelogel1', false)</msg>
<status status="PASS" starttime="20220722 07:57:33.230" endtime="20220722 07:57:33.230"/>
</kw>
<kw name="Execute Sql String" library="DatabaseLibrary">
<arg>${q}</arg>
<doc>Executes the sqlString as SQL commands. Useful to pass arguments to your sql. Set optional input `sansTran` to
True to run command without an explicit transaction commit or rollback.</doc>
<msg timestamp="20220722 07:57:33.230" level="INFO">Executing : Execute SQL String  |  INSERT INTO public.users (name, email, password_hash, is_geek) values ('David Nguyen', 'manderson@gmail.com', 'ogelogel1', false) </msg>
<status status="PASS" starttime="20220722 07:57:33.230" endtime="20220722 07:57:33.675"/>
</kw>
<status status="PASS" starttime="20220722 07:57:33.229" endtime="20220722 07:57:33.675"/>
</kw>
<kw name="Disconnect From Database" library="DatabaseLibrary">
<doc>Disconnects from the database.</doc>
<msg timestamp="20220722 07:57:33.675" level="INFO">Executing : Disconnect From Database</msg>
<status status="PASS" starttime="20220722 07:57:33.675" endtime="20220722 07:57:33.675"/>
</kw>
<status status="PASS" starttime="20220722 07:57:32.263" endtime="20220722 07:57:33.675"/>
</kw>
<kw name="Go To Signup Form" library="Actions">
<kw name="Go To" library="Browser">
<arg>${BASE_URL}/signup</arg>
<tag>BrowserControl</tag>
<tag>Setter</tag>
<doc>Navigates to the given ``url``.</doc>
<msg timestamp="20220722 07:57:34.459" level="INFO">Successfully opened URL https://getgeeks-matheus.herokuapp.com/signup</msg>
<status status="PASS" starttime="20220722 07:57:33.676" endtime="20220722 07:57:34.459"/>
</kw>
<kw name="Wait For Elements State" library="Browser">
<arg>css=.signup-form</arg>
<arg>visible</arg>
<arg>5</arg>
<tag>PageContent</tag>
<tag>Wait</tag>
<doc>Waits for the element found by ``selector`` to satisfy state option.</doc>
<msg timestamp="20220722 07:57:34.478" level="INFO">Waited for Element with selector css=.signup-form at state visible</msg>
<status status="PASS" starttime="20220722 07:57:34.459" endtime="20220722 07:57:34.478"/>
</kw>
<status status="PASS" starttime="20220722 07:57:33.676" endtime="20220722 07:57:34.478"/>
</kw>
<kw name="Fill Signup Form" library="Actions">
<arg>${user}</arg>
<kw name="Fill Text" library="Browser">
<arg>id=name</arg>
<arg>${user}[name]</arg>
<tag>PageContent</tag>
<tag>Setter</tag>
<doc>Clears and fills the given ``txt`` into the text field found by ``selector``.</doc>
<msg timestamp="20220722 07:57:34.479" level="INFO">Fills the text 'David' in the given field.</msg>
<status status="PASS" starttime="20220722 07:57:34.479" endtime="20220722 07:57:34.496"/>
</kw>
<kw name="Fill Text" library="Browser">
<arg>id=lastname</arg>
<arg>${user}[lastname]</arg>
<tag>PageContent</tag>
<tag>Setter</tag>
<doc>Clears and fills the given ``txt`` into the text field found by ``selector``.</doc>
<msg timestamp="20220722 07:57:34.496" level="INFO">Fills the text 'Nguyen' in the given field.</msg>
<status status="PASS" starttime="20220722 07:57:34.496" endtime="20220722 07:57:34.512"/>
</kw>
<kw name="Fill Text" library="Browser">
<arg>id=email</arg>
<arg>${user}[email]</arg>
<tag>PageContent</tag>
<tag>Setter</tag>
<doc>Clears and fills the given ``txt`` into the text field found by ``selector``.</doc>
<msg timestamp="20220722 07:57:34.513" level="INFO">Fills the text 'manderson@gmail.com' in the given field.</msg>
<status status="PASS" starttime="20220722 07:57:34.512" endtime="20220722 07:57:34.525"/>
</kw>
<kw name="Fill Text" library="Browser">
<arg>id=password</arg>
<arg>${user}[password]</arg>
<tag>PageContent</tag>
<tag>Setter</tag>
<doc>Clears and fills the given ``txt`` into the text field found by ``selector``.</doc>
<msg timestamp="20220722 07:57:34.526" level="INFO">Fills the text 'ogelogel1' in the given field.</msg>
<status status="PASS" starttime="20220722 07:57:34.525" endtime="20220722 07:57:34.538"/>
</kw>
<status status="PASS" starttime="20220722 07:57:34.479" endtime="20220722 07:57:34.538"/>
</kw>
<kw name="Submit Signup Form" library="Actions">
<kw name="Click" library="Browser">
<arg>css=.submit-button &gt;&gt; text=Cadastrar</arg>
<tag>PageContent</tag>
<tag>Setter</tag>
<doc>Simulates mouse click on the element found by ``selector``.</doc>
<status status="PASS" starttime="20220722 07:57:34.539" endtime="20220722 07:57:34.595"/>
</kw>
<status status="PASS" starttime="20220722 07:57:34.538" endtime="20220722 07:57:34.595"/>
</kw>
<kw name="Modal Content Should Be" library="Actions">
<arg>Já temos um usuário com o e-mail informado.</arg>
<kw name="Set Variable" library="BuiltIn">
<var>${title}</var>
<arg>css=.swal2-title</arg>
<doc>Returns the given values which can then be assigned to a variables.</doc>
<msg timestamp="20220722 07:57:34.596" level="INFO">${title} = css=.swal2-title</msg>
<status status="PASS" starttime="20220722 07:57:34.596" endtime="20220722 07:57:34.596"/>
</kw>
<kw name="Set Variable" library="BuiltIn">
<var>${content}</var>
<arg>css=.swal2-html-container</arg>
<doc>Returns the given values which can then be assigned to a variables.</doc>
<msg timestamp="20220722 07:57:34.596" level="INFO">${content} = css=.swal2-html-container</msg>
<status status="PASS" starttime="20220722 07:57:34.596" endtime="20220722 07:57:34.596"/>
</kw>
<kw name="Wait For Elements State" library="Browser">
<arg>${title}</arg>
<arg>visible</arg>
<arg>5</arg>
<tag>PageContent</tag>
<tag>Wait</tag>
<doc>Waits for the element found by ``selector`` to satisfy state option.</doc>
<msg timestamp="20220722 07:57:35.397" level="INFO">Waited for Element with selector css=.swal2-title at state visible</msg>
<status status="PASS" starttime="20220722 07:57:34.597" endtime="20220722 07:57:35.398"/>
</kw>
<kw name="Get Text" library="Browser">
<arg>${title}</arg>
<arg>equal</arg>
<arg>Oops...</arg>
<tag>Assertion</tag>
<tag>Getter</tag>
<tag>PageContent</tag>
<doc>Returns text attribute of the element found by ``selector``.</doc>
<status status="PASS" starttime="20220722 07:57:35.398" endtime="20220722 07:57:35.418"/>
</kw>
<kw name="Wait For Elements State" library="Browser">
<arg>${content}</arg>
<arg>visible</arg>
<arg>5</arg>
<tag>PageContent</tag>
<tag>Wait</tag>
<doc>Waits for the element found by ``selector`` to satisfy state option.</doc>
<msg timestamp="20220722 07:57:35.423" level="INFO">Waited for Element with selector css=.swal2-html-container at state visible</msg>
<status status="PASS" starttime="20220722 07:57:35.418" endtime="20220722 07:57:35.423"/>
</kw>
<kw name="Get Text" library="Browser">
<arg>${content}</arg>
<arg>equal</arg>
<arg>${expected_text}</arg>
<tag>Assertion</tag>
<tag>Getter</tag>
<tag>PageContent</tag>
<doc>Returns text attribute of the element found by ``selector``.</doc>
<status status="PASS" starttime="20220722 07:57:35.423" endtime="20220722 07:57:35.435"/>
</kw>
<status status="PASS" starttime="20220722 07:57:34.596" endtime="20220722 07:57:35.435"/>
</kw>
<kw name="Finish Session" library="Base" type="TEARDOWN">
<kw name="Take Screenshot" library="Browser">
<tag>PageContent</tag>
<doc>Takes a screenshot of the current window or element and saves it to disk.</doc>
<msg timestamp="20220722 07:57:35.604" level="INFO" html="true">&lt;/td&gt;&lt;/tr&gt;&lt;tr&gt;&lt;td colspan="3"&gt;&lt;a href="browser/screenshot/robotframework-browser-screenshot-2.png"&gt;&lt;img src="browser/screenshot/robotframework-browser-screenshot-2.png" width="800px"&gt;&lt;/a&gt;</msg>
<status status="PASS" starttime="20220722 07:57:35.435" endtime="20220722 07:57:35.604"/>
</kw>
<status status="PASS" starttime="20220722 07:57:35.435" endtime="20220722 07:57:35.605"/>
</kw>
<tag>attempt_signup</tag>
<status status="PASS" starttime="20220722 07:57:29.994" endtime="20220722 07:57:35.605"/>
</test>
<test id="s1-t3" name="Wrong Email" line="32">
<kw name="Start Session" library="Base" type="SETUP">
<kw name="New Browser" library="Browser">
<arg>chromium</arg>
<arg>headless=false</arg>
<arg>slowMo=00:00:00</arg>
<tag>BrowserControl</tag>
<tag>Setter</tag>
<doc>Create a new playwright Browser with specified options.</doc>
<msg timestamp="20220722 07:57:35.655" level="INFO">{"browser": "chromium", "headless": false, "handleSIGINT": true, "handleSIGTERM": true, "handleSIGHUP": true, "timeout": 30000.0, "devtools": false, "slowMo": 0.0, "tracesDir": "C:\\Users\\User\\Documents\\dev\\GravidadeZERO\\getgeeks\\project\\logs\\browser\\traces\\23cb0d22-905a-47bb-b730-f71a0375d127"}</msg>
<msg timestamp="20220722 07:57:36.030" level="INFO">Successfully created browser with options: {"browser":"chromium","headless":false,"handleSIGINT":true,"handleSIGTERM":true,"handleSIGHUP":true,"timeout":30000,"devtools":false,"slowMo":0,"tracesDir":"C:\\Users\\User\\Documents\\dev\\GravidadeZERO\\getgeeks\\project\\logs\\browser\\traces\\23cb0d22-905a-47bb-b730-f71a0375d127"}</msg>
<status status="PASS" starttime="20220722 07:57:35.654" endtime="20220722 07:57:36.030"/>
</kw>
<kw name="New Page" library="Browser">
<arg>${BASE_URL}</arg>
<tag>BrowserControl</tag>
<tag>Setter</tag>
<doc>Open a new Page.</doc>
<msg timestamp="20220722 07:57:37.851" level="INFO">Successfully initialized new page object and opened url: https://getgeeks-matheus.herokuapp.com</msg>
<msg timestamp="20220722 07:57:37.852" level="INFO">No context was open. New context was automatically opened when this page is created.</msg>
<status status="PASS" starttime="20220722 07:57:36.031" endtime="20220722 07:57:37.852"/>
</kw>
<status status="PASS" starttime="20220722 07:57:35.653" endtime="20220722 07:57:37.852"/>
</kw>
<kw name="Factory Wrong Email" library="Users">
<var>${user}</var>
<msg timestamp="20220722 07:57:37.853" level="INFO">${user} = {'name': 'Crystal', 'lastname': 'Martinez', 'email': 'robert&amp;gmail.com', 'password': 'ogelogel1'}</msg>
<status status="PASS" starttime="20220722 07:57:37.853" endtime="20220722 07:57:37.853"/>
</kw>
<kw name="Go To Signup Form" library="Actions">
<kw name="Go To" library="Browser">
<arg>${BASE_URL}/signup</arg>
<tag>BrowserControl</tag>
<tag>Setter</tag>
<doc>Navigates to the given ``url``.</doc>
<msg timestamp="20220722 07:57:38.631" level="INFO">Successfully opened URL https://getgeeks-matheus.herokuapp.com/signup</msg>
<status status="PASS" starttime="20220722 07:57:37.854" endtime="20220722 07:57:38.631"/>
</kw>
<kw name="Wait For Elements State" library="Browser">
<arg>css=.signup-form</arg>
<arg>visible</arg>
<arg>5</arg>
<tag>PageContent</tag>
<tag>Wait</tag>
<doc>Waits for the element found by ``selector`` to satisfy state option.</doc>
<msg timestamp="20220722 07:57:38.650" level="INFO">Waited for Element with selector css=.signup-form at state visible</msg>
<status status="PASS" starttime="20220722 07:57:38.632" endtime="20220722 07:57:38.650"/>
</kw>
<status status="PASS" starttime="20220722 07:57:37.853" endtime="20220722 07:57:38.650"/>
</kw>
<kw name="Fill Signup Form" library="Actions">
<arg>${user}</arg>
<kw name="Fill Text" library="Browser">
<arg>id=name</arg>
<arg>${user}[name]</arg>
<tag>PageContent</tag>
<tag>Setter</tag>
<doc>Clears and fills the given ``txt`` into the text field found by ``selector``.</doc>
<msg timestamp="20220722 07:57:38.651" level="INFO">Fills the text 'Crystal' in the given field.</msg>
<status status="PASS" starttime="20220722 07:57:38.651" endtime="20220722 07:57:38.666"/>
</kw>
<kw name="Fill Text" library="Browser">
<arg>id=lastname</arg>
<arg>${user}[lastname]</arg>
<tag>PageContent</tag>
<tag>Setter</tag>
<doc>Clears and fills the given ``txt`` into the text field found by ``selector``.</doc>
<msg timestamp="20220722 07:57:38.667" level="INFO">Fills the text 'Martinez' in the given field.</msg>
<status status="PASS" starttime="20220722 07:57:38.667" endtime="20220722 07:57:38.681"/>
</kw>
<kw name="Fill Text" library="Browser">
<arg>id=email</arg>
<arg>${user}[email]</arg>
<tag>PageContent</tag>
<tag>Setter</tag>
<doc>Clears and fills the given ``txt`` into the text field found by ``selector``.</doc>
<msg timestamp="20220722 07:57:38.681" level="INFO">Fills the text 'robert&amp;gmail.com' in the given field.</msg>
<status status="PASS" starttime="20220722 07:57:38.681" endtime="20220722 07:57:38.692"/>
</kw>
<kw name="Fill Text" library="Browser">
<arg>id=password</arg>
<arg>${user}[password]</arg>
<tag>PageContent</tag>
<tag>Setter</tag>
<doc>Clears and fills the given ``txt`` into the text field found by ``selector``.</doc>
<msg timestamp="20220722 07:57:38.692" level="INFO">Fills the text 'ogelogel1' in the given field.</msg>
<status status="PASS" starttime="20220722 07:57:38.692" endtime="20220722 07:57:38.703"/>
</kw>
<status status="PASS" starttime="20220722 07:57:38.651" endtime="20220722 07:57:38.703"/>
</kw>
<kw name="Submit Signup Form" library="Actions">
<kw name="Click" library="Browser">
<arg>css=.submit-button &gt;&gt; text=Cadastrar</arg>
<tag>PageContent</tag>
<tag>Setter</tag>
<doc>Simulates mouse click on the element found by ``selector``.</doc>
<status status="PASS" starttime="20220722 07:57:38.704" endtime="20220722 07:57:38.758"/>
</kw>
<status status="PASS" starttime="20220722 07:57:38.704" endtime="20220722 07:57:38.758"/>
</kw>
<kw name="Alert Span Should Be" library="Actions">
<arg>O email está estranho</arg>
<kw name="Wait For Elements State" library="Browser">
<arg>css=span[class=error] &gt;&gt; text=${expected_alert}</arg>
<arg>visible</arg>
<arg>5</arg>
<tag>PageContent</tag>
<tag>Wait</tag>
<doc>Waits for the element found by ``selector`` to satisfy state option.</doc>
<msg timestamp="20220722 07:57:38.765" level="INFO">Waited for Element with selector css=span[class=error] &gt;&gt; text=O email está estranho at state visible</msg>
<status status="PASS" starttime="20220722 07:57:38.759" endtime="20220722 07:57:38.765"/>
</kw>
<status status="PASS" starttime="20220722 07:57:38.758" endtime="20220722 07:57:38.765"/>
</kw>
<kw name="Finish Session" library="Base" type="TEARDOWN">
<kw name="Take Screenshot" library="Browser">
<tag>PageContent</tag>
<doc>Takes a screenshot of the current window or element and saves it to disk.</doc>
<msg timestamp="20220722 07:57:38.923" level="INFO" html="true">&lt;/td&gt;&lt;/tr&gt;&lt;tr&gt;&lt;td colspan="3"&gt;&lt;a href="browser/screenshot/robotframework-browser-screenshot-3.png"&gt;&lt;img src="browser/screenshot/robotframework-browser-screenshot-3.png" width="800px"&gt;&lt;/a&gt;</msg>
<status status="PASS" starttime="20220722 07:57:38.766" endtime="20220722 07:57:38.923"/>
</kw>
<status status="PASS" starttime="20220722 07:57:38.765" endtime="20220722 07:57:38.923"/>
</kw>
<tag>attempt_signup</tag>
<status status="PASS" starttime="20220722 07:57:35.649" endtime="20220722 07:57:38.923"/>
</test>
<test id="s1-t4" name="Required Fields" line="43">
<kw name="Start Session" library="Base" type="SETUP">
<kw name="New Browser" library="Browser">
<arg>chromium</arg>
<arg>headless=false</arg>
<arg>slowMo=00:00:00</arg>
<tag>BrowserControl</tag>
<tag>Setter</tag>
<doc>Create a new playwright Browser with specified options.</doc>
<msg timestamp="20220722 07:57:38.969" level="INFO">{"browser": "chromium", "headless": false, "handleSIGINT": true, "handleSIGTERM": true, "handleSIGHUP": true, "timeout": 30000.0, "devtools": false, "slowMo": 0.0, "tracesDir": "C:\\Users\\User\\Documents\\dev\\GravidadeZERO\\getgeeks\\project\\logs\\browser\\traces\\45983c88-ad37-4b75-a78e-65b642a9901c"}</msg>
<msg timestamp="20220722 07:57:39.417" level="INFO">Successfully created browser with options: {"browser":"chromium","headless":false,"handleSIGINT":true,"handleSIGTERM":true,"handleSIGHUP":true,"timeout":30000,"devtools":false,"slowMo":0,"tracesDir":"C:\\Users\\User\\Documents\\dev\\GravidadeZERO\\getgeeks\\project\\logs\\browser\\traces\\45983c88-ad37-4b75-a78e-65b642a9901c"}</msg>
<status status="PASS" starttime="20220722 07:57:38.969" endtime="20220722 07:57:39.417"/>
</kw>
<kw name="New Page" library="Browser">
<arg>${BASE_URL}</arg>
<tag>BrowserControl</tag>
<tag>Setter</tag>
<doc>Open a new Page.</doc>
<msg timestamp="20220722 07:57:41.244" level="INFO">Successfully initialized new page object and opened url: https://getgeeks-matheus.herokuapp.com</msg>
<msg timestamp="20220722 07:57:41.244" level="INFO">No context was open. New context was automatically opened when this page is created.</msg>
<status status="PASS" starttime="20220722 07:57:39.417" endtime="20220722 07:57:41.245"/>
</kw>
<status status="PASS" starttime="20220722 07:57:38.968" endtime="20220722 07:57:41.245"/>
</kw>
<kw name="Go To Signup Form" library="Actions">
<kw name="Go To" library="Browser">
<arg>${BASE_URL}/signup</arg>
<tag>BrowserControl</tag>
<tag>Setter</tag>
<doc>Navigates to the given ``url``.</doc>
<msg timestamp="20220722 07:57:42.015" level="INFO">Successfully opened URL https://getgeeks-matheus.herokuapp.com/signup</msg>
<status status="PASS" starttime="20220722 07:57:41.246" endtime="20220722 07:57:42.016"/>
</kw>
<kw name="Wait For Elements State" library="Browser">
<arg>css=.signup-form</arg>
<arg>visible</arg>
<arg>5</arg>
<tag>PageContent</tag>
<tag>Wait</tag>
<doc>Waits for the element found by ``selector`` to satisfy state option.</doc>
<msg timestamp="20220722 07:57:42.037" level="INFO">Waited for Element with selector css=.signup-form at state visible</msg>
<status status="PASS" starttime="20220722 07:57:42.016" endtime="20220722 07:57:42.037"/>
</kw>
<status status="PASS" starttime="20220722 07:57:41.245" endtime="20220722 07:57:42.037"/>
</kw>
<kw name="Submit Signup Form" library="Actions">
<kw name="Click" library="Browser">
<arg>css=.submit-button &gt;&gt; text=Cadastrar</arg>
<tag>PageContent</tag>
<tag>Setter</tag>
<doc>Simulates mouse click on the element found by ``selector``.</doc>
<status status="PASS" starttime="20220722 07:57:42.037" endtime="20220722 07:57:42.078"/>
</kw>
<status status="PASS" starttime="20220722 07:57:42.037" endtime="20220722 07:57:42.078"/>
</kw>
<kw name="Alert Span Should Be" library="Actions">
<arg>Cadê o seu nome?</arg>
<kw name="Wait For Elements State" library="Browser">
<arg>css=span[class=error] &gt;&gt; text=${expected_alert}</arg>
<arg>visible</arg>
<arg>5</arg>
<tag>PageContent</tag>
<tag>Wait</tag>
<doc>Waits for the element found by ``selector`` to satisfy state option.</doc>
<msg timestamp="20220722 07:57:42.085" level="INFO">Waited for Element with selector css=span[class=error] &gt;&gt; text=Cadê o seu nome? at state visible</msg>
<status status="PASS" starttime="20220722 07:57:42.079" endtime="20220722 07:57:42.085"/>
</kw>
<status status="PASS" starttime="20220722 07:57:42.078" endtime="20220722 07:57:42.085"/>
</kw>
<kw name="Alert Span Should Be" library="Actions">
<arg>E o sobrenome?</arg>
<kw name="Wait For Elements State" library="Browser">
<arg>css=span[class=error] &gt;&gt; text=${expected_alert}</arg>
<arg>visible</arg>
<arg>5</arg>
<tag>PageContent</tag>
<tag>Wait</tag>
<doc>Waits for the element found by ``selector`` to satisfy state option.</doc>
<msg timestamp="20220722 07:57:42.090" level="INFO">Waited for Element with selector css=span[class=error] &gt;&gt; text=E o sobrenome? at state visible</msg>
<status status="PASS" starttime="20220722 07:57:42.086" endtime="20220722 07:57:42.090"/>
</kw>
<status status="PASS" starttime="20220722 07:57:42.086" endtime="20220722 07:57:42.090"/>
</kw>
<kw name="Alert Span Should Be" library="Actions">
<arg>O email é importante também!</arg>
<kw name="Wait For Elements State" library="Browser">
<arg>css=span[class=error] &gt;&gt; text=${expected_alert}</arg>
<arg>visible</arg>
<arg>5</arg>
<tag>PageContent</tag>
<tag>Wait</tag>
<doc>Waits for the element found by ``selector`` to satisfy state option.</doc>
<msg timestamp="20220722 07:57:42.096" level="INFO">Waited for Element with selector css=span[class=error] &gt;&gt; text=O email é importante também! at state visible</msg>
<status status="PASS" starttime="20220722 07:57:42.091" endtime="20220722 07:57:42.096"/>
</kw>
<status status="PASS" starttime="20220722 07:57:42.091" endtime="20220722 07:57:42.096"/>
</kw>
<kw name="Alert Span Should Be" library="Actions">
<arg>Agora só falta a senha!</arg>
<kw name="Wait For Elements State" library="Browser">
<arg>css=span[class=error] &gt;&gt; text=${expected_alert}</arg>
<arg>visible</arg>
<arg>5</arg>
<tag>PageContent</tag>
<tag>Wait</tag>
<doc>Waits for the element found by ``selector`` to satisfy state option.</doc>
<msg timestamp="20220722 07:57:42.102" level="INFO">Waited for Element with selector css=span[class=error] &gt;&gt; text=Agora só falta a senha! at state visible</msg>
<status status="PASS" starttime="20220722 07:57:42.097" endtime="20220722 07:57:42.102"/>
</kw>
<status status="PASS" starttime="20220722 07:57:42.097" endtime="20220722 07:57:42.102"/>
</kw>
<kw name="Finish Session" library="Base" type="TEARDOWN">
<kw name="Take Screenshot" library="Browser">
<tag>PageContent</tag>
<doc>Takes a screenshot of the current window or element and saves it to disk.</doc>
<msg timestamp="20220722 07:57:42.263" level="INFO" html="true">&lt;/td&gt;&lt;/tr&gt;&lt;tr&gt;&lt;td colspan="3"&gt;&lt;a href="browser/screenshot/robotframework-browser-screenshot-4.png"&gt;&lt;img src="browser/screenshot/robotframework-browser-screenshot-4.png" width="800px"&gt;&lt;/a&gt;</msg>
<status status="PASS" starttime="20220722 07:57:42.103" endtime="20220722 07:57:42.263"/>
</kw>
<status status="PASS" starttime="20220722 07:57:42.102" endtime="20220722 07:57:42.263"/>
</kw>
<tag>attempt_signup</tag>
<tag>reqf</tag>
<status status="PASS" starttime="20220722 07:57:38.965" endtime="20220722 07:57:42.263"/>
</test>
<doc>Signup Test Suite</doc>
<status status="PASS" starttime="20220722 07:57:25.052" endtime="20220722 07:57:42.307"/>
</suite>
<statistics>
<total>
<stat pass="4" fail="0" skip="0">All Tests</stat>
</total>
<tag>
<stat pass="3" fail="0" skip="0">attempt_signup</stat>
<stat pass="1" fail="0" skip="0">reqf</stat>
</tag>
<suite>
<stat pass="4" fail="0" skip="0" id="s1" name="Signup">Signup</stat>
</suite>
</statistics>
<errors>
</errors>
</robot>
